[25/03/2017 18:15:52 ] Executando query: SELECT * FROM status
[25/03/2017 18:15:52 ] Executando query: SELECT * FROM prioridade
[25/03/2017 18:15:52 ] Executando query: SELECT * FROM setores
[25/03/2017 18:15:52 ] Executando query: SELECT * FROM saldo_categoria
[25/03/2017 18:15:52 ] Executando query: SELECT noticias, saldos, pedidos, recepcao FROM usuario_permissoes WHERE id_usuario = 1
[25/03/2017 18:15:52 ] Executando query: SELECT count(saldos_adiantados.id) AS solic_adi, (SELECT count(solic_alt_pedido.id) FROM solic_alt_pedido WHERE solic_alt_pedido.status = 2) AS solic_alt, (SELECT count(pedido.id) FROM pedido WHERE pedido.status = 2) AS solic_ped FROM saldos_adiantados WHERE saldos_adiantados.status = 2
[25/03/2017 18:15:52 ] Executando query: SELECT saldo FROM saldo_setor WHERE id_setor = 2
[25/03/2017 18:15:52 ] Executando query: SELECT id, nome, id_setor FROM usuario  ORDER BY nome ASC
[25/03/2017 18:15:52 ] Executando query: SELECT column_name AS nome FROM information_schema.columns WHERE table_name = 'usuario_permissoes' AND column_name <> 'id_usuario'
[25/03/2017 18:15:52 ] Executando query: SELECT noticias, saldos, pedidos, recepcao FROM usuario_permissoes WHERE id_usuario = 1
[25/03/2017 18:15:52 ] Executando query: SELECT * FROM status
[25/03/2017 18:15:52 ] Executando query: SELECT * FROM prioridade
[25/03/2017 18:15:52 ] Executando query: SELECT * FROM setores
[25/03/2017 18:15:52 ] Executando query: SELECT * FROM saldo_categoria
[25/03/2017 18:15:52 ] Executando query: SELECT id, id_setor, DATE_FORMAT(data_pedido, '%d/%m/%Y') AS data_pedido, prioridade, status, valor, aprov_gerencia FROM pedido WHERE status <> 3 AND alteracao = 0  ORDER BY id DESC LIMIT 100
[25/03/2017 18:15:52 ] Executando query: SELECT empenho FROM pedido_empenho WHERE id_pedido = 1169
[25/03/2017 18:15:52 ] Executando query: SELECT empenho FROM pedido_empenho WHERE id_pedido = 1169
[25/03/2017 18:15:52 ] Executando query: SELECT empenho FROM pedido_empenho WHERE id_pedido = 1169
[25/03/2017 18:15:52 ] Executando query: SELECT DATE_FORMAT(data, '%d/%m/%Y') AS data FROM pedido_empenho WHERE id_pedido = 1169 LIMIT 1
[25/03/2017 18:15:52 ] Executando query: SELECT itens.nome_fornecedor FROM itens, itens_pedido WHERE itens_pedido.id_item = itens.id AND itens_pedido.id_pedido = 1169 LIMIT 1
[25/03/2017 18:15:52 ] Executando query: SELECT empenho FROM pedido_empenho WHERE id_pedido = 1168
[25/03/2017 18:15:52 ] Executando query: SELECT empenho FROM pedido_empenho WHERE id_pedido = 1168
[25/03/2017 18:15:52 ] Executando query: SELECT itens.nome_fornecedor FROM itens, itens_pedido WHERE itens_pedido.id_item = itens.id AND itens_pedido.id_pedido = 1168 LIMIT 1
[25/03/2017 18:15:52 ] Executando query: SELECT empenho FROM pedido_empenho WHERE id_pedido = 1167
[25/03/2017 18:15:52 ] Executando query: SELECT empenho FROM pedido_empenho WHERE id_pedido = 1167
[25/03/2017 18:15:52 ] Executando query: SELECT itens.nome_fornecedor FROM itens, itens_pedido WHERE itens_pedido.id_item = itens.id AND itens_pedido.id_pedido = 1167 LIMIT 1
[25/03/2017 18:15:52 ] Executando query: SELECT empenho FROM pedido_empenho WHERE id_pedido = 1166
[25/03/2017 18:15:52 ] Executando query: SELECT empenho FROM pedido_empenho WHERE id_pedido = 1166
[25/03/2017 18:15:52 ] Executando query: SELECT itens.nome_fornecedor FROM itens, itens_pedido WHERE itens_pedido.id_item = itens.id AND itens_pedido.id_pedido = 1166 LIMIT 1
[25/03/2017 18:15:52 ] Executando query: SELECT empenho FROM pedido_empenho WHERE id_pedido = 1164
[25/03/2017 18:15:52 ] Executando query: SELECT empenho FROM pedido_empenho WHERE id_pedido = 1164
[25/03/2017 18:15:52 ] Executando query: SELECT itens.nome_fornecedor FROM itens, itens_pedido WHERE itens_pedido.id_item = itens.id AND itens_pedido.id_pedido = 1164 LIMIT 1
[25/03/2017 18:15:52 ] Executando query: SELECT empenho FROM pedido_empenho WHERE id_pedido = 1163
[25/03/2017 18:15:52 ] Executando query: SELECT empenho FROM pedido_empenho WHERE id_pedido = 1163
[25/03/2017 18:15:52 ] Executando query: SELECT itens.nome_fornecedor FROM itens, itens_pedido WHERE itens_pedido.id_item = itens.id AND itens_pedido.id_pedido = 1163 LIMIT 1
[25/03/2017 18:15:52 ] Executando query: SELECT empenho FROM pedido_empenho WHERE id_pedido = 1162
[25/03/2017 18:15:52 ] Executando query: SELECT empenho FROM pedido_empenho WHERE id_pedido = 1162
[25/03/2017 18:15:52 ] Executando query: SELECT itens.nome_fornecedor FROM itens, itens_pedido WHERE itens_pedido.id_item = itens.id AND itens_pedido.id_pedido = 1162 LIMIT 1
[25/03/2017 18:15:52 ] Executando query: SELECT empenho FROM pedido_empenho WHERE id_pedido = 1161
[25/03/2017 18:15:52 ] Executando query: SELECT empenho FROM pedido_empenho WHERE id_pedido = 1161
[25/03/2017 18:15:52 ] Executando query: SELECT itens.nome_fornecedor FROM itens, itens_pedido WHERE itens_pedido.id_item = itens.id AND itens_pedido.id_pedido = 1161 LIMIT 1
[25/03/2017 18:15:52 ] Executando query: SELECT empenho FROM pedido_empenho WHERE id_pedido = 1160
[25/03/2017 18:15:52 ] Executando query: SELECT empenho FROM pedido_empenho WHERE id_pedido = 1160
[25/03/2017 18:15:52 ] Executando query: SELECT itens.nome_fornecedor FROM itens, itens_pedido WHERE itens_pedido.id_item = itens.id AND itens_pedido.id_pedido = 1160 LIMIT 1
[25/03/2017 18:15:52 ] Executando query: SELECT empenho FROM pedido_empenho WHERE id_pedido = 1159
[25/03/2017 18:15:52 ] Executando query: SELECT empenho FROM pedido_empenho WHERE id_pedido = 1159
[25/03/2017 18:15:52 ] Executando query: SELECT itens.nome_fornecedor FROM itens, itens_pedido WHERE itens_pedido.id_item = itens.id AND itens_pedido.id_pedido = 1159 LIMIT 1
[25/03/2017 18:15:52 ] Executando query: SELECT empenho FROM pedido_empenho WHERE id_pedido = 1158
[25/03/2017 18:15:52 ] Executando query: SELECT empenho FROM pedido_empenho WHERE id_pedido = 1158
[25/03/2017 18:15:52 ] Executando query: SELECT itens.nome_fornecedor FROM itens, itens_pedido WHERE itens_pedido.id_item = itens.id AND itens_pedido.id_pedido = 1158 LIMIT 1
[25/03/2017 18:15:52 ] Executando query: SELECT empenho FROM pedido_empenho WHERE id_pedido = 1157
[25/03/2017 18:15:52 ] Executando query: SELECT empenho FROM pedido_empenho WHERE id_pedido = 1157
[25/03/2017 18:15:52 ] Executando query: SELECT itens.nome_fornecedor FROM itens, itens_pedido WHERE itens_pedido.id_item = itens.id AND itens_pedido.id_pedido = 1157 LIMIT 1
[25/03/2017 18:15:52 ] Executando query: SELECT empenho FROM pedido_empenho WHERE id_pedido = 1156
[25/03/2017 18:15:52 ] Executando query: SELECT empenho FROM pedido_empenho WHERE id_pedido = 1156
[25/03/2017 18:15:52 ] Executando query: SELECT itens.nome_fornecedor FROM itens, itens_pedido WHERE itens_pedido.id_item = itens.id AND itens_pedido.id_pedido = 1156 LIMIT 1
[25/03/2017 18:15:52 ] Executando query: SELECT empenho FROM pedido_empenho WHERE id_pedido = 1155
[25/03/2017 18:15:52 ] Executando query: SELECT empenho FROM pedido_empenho WHERE id_pedido = 1155
[25/03/2017 18:15:52 ] Executando query: SELECT itens.nome_fornecedor FROM itens, itens_pedido WHERE itens_pedido.id_item = itens.id AND itens_pedido.id_pedido = 1155 LIMIT 1
[25/03/2017 18:15:52 ] Executando query: SELECT empenho FROM pedido_empenho WHERE id_pedido = 1154
[25/03/2017 18:15:52 ] Executando query: SELECT empenho FROM pedido_empenho WHERE id_pedido = 1154
[25/03/2017 18:15:52 ] Executando query: SELECT itens.nome_fornecedor FROM itens, itens_pedido WHERE itens_pedido.id_item = itens.id AND itens_pedido.id_pedido = 1154 LIMIT 1
[25/03/2017 18:15:52 ] Executando query: SELECT empenho FROM pedido_empenho WHERE id_pedido = 1153
[25/03/2017 18:15:52 ] Executando query: SELECT empenho FROM pedido_empenho WHERE id_pedido = 1153
[25/03/2017 18:15:52 ] Executando query: SELECT itens.nome_fornecedor FROM itens, itens_pedido WHERE itens_pedido.id_item = itens.id AND itens_pedido.id_pedido = 1153 LIMIT 1
[25/03/2017 18:15:52 ] Executando query: SELECT empenho FROM pedido_empenho WHERE id_pedido = 1152
[25/03/2017 18:15:52 ] Executando query: SELECT empenho FROM pedido_empenho WHERE id_pedido = 1152
[25/03/2017 18:15:52 ] Executando query: SELECT itens.nome_fornecedor FROM itens, itens_pedido WHERE itens_pedido.id_item = itens.id AND itens_pedido.id_pedido = 1152 LIMIT 1
[25/03/2017 18:15:52 ] Executando query: SELECT empenho FROM pedido_empenho WHERE id_pedido = 1151
[25/03/2017 18:15:52 ] Executando query: SELECT empenho FROM pedido_empenho WHERE id_pedido = 1151
[25/03/2017 18:15:52 ] Executando query: SELECT itens.nome_fornecedor FROM itens, itens_pedido WHERE itens_pedido.id_item = itens.id AND itens_pedido.id_pedido = 1151 LIMIT 1
[25/03/2017 18:15:52 ] Executando query: SELECT empenho FROM pedido_empenho WHERE id_pedido = 1150
[25/03/2017 18:15:52 ] Executando query: SELECT empenho FROM pedido_empenho WHERE id_pedido = 1150
[25/03/2017 18:15:52 ] Executando query: SELECT itens.nome_fornecedor FROM itens, itens_pedido WHERE itens_pedido.id_item = itens.id AND itens_pedido.id_pedido = 1150 LIMIT 1
[25/03/2017 18:15:52 ] Executando query: SELECT empenho FROM pedido_empenho WHERE id_pedido = 1149
[25/03/2017 18:15:52 ] Executando query: SELECT empenho FROM pedido_empenho WHERE id_pedido = 1149
[25/03/2017 18:15:52 ] Executando query: SELECT itens.nome_fornecedor FROM itens, itens_pedido WHERE itens_pedido.id_item = itens.id AND itens_pedido.id_pedido = 1149 LIMIT 1
[25/03/2017 18:15:52 ] Executando query: SELECT empenho FROM pedido_empenho WHERE id_pedido = 1148
[25/03/2017 18:15:52 ] Executando query: SELECT empenho FROM pedido_empenho WHERE id_pedido = 1148
[25/03/2017 18:15:52 ] Executando query: SELECT itens.nome_fornecedor FROM itens, itens_pedido WHERE itens_pedido.id_item = itens.id AND itens_pedido.id_pedido = 1148 LIMIT 1
[25/03/2017 18:15:52 ] Executando query: SELECT empenho FROM pedido_empenho WHERE id_pedido = 1147
[25/03/2017 18:15:52 ] Executando query: SELECT empenho FROM pedido_empenho WHERE id_pedido = 1147
[25/03/2017 18:15:52 ] Executando query: SELECT itens.nome_fornecedor FROM itens, itens_pedido WHERE itens_pedido.id_item = itens.id AND itens_pedido.id_pedido = 1147 LIMIT 1
[25/03/2017 18:15:52 ] Executando query: SELECT empenho FROM pedido_empenho WHERE id_pedido = 1146
[25/03/2017 18:15:52 ] Executando query: SELECT empenho FROM pedido_empenho WHERE id_pedido = 1146
[25/03/2017 18:15:52 ] Executando query: SELECT itens.nome_fornecedor FROM itens, itens_pedido WHERE itens_pedido.id_item = itens.id AND itens_pedido.id_pedido = 1146 LIMIT 1
[25/03/2017 18:15:52 ] Executando query: SELECT empenho FROM pedido_empenho WHERE id_pedido = 1145
[25/03/2017 18:15:52 ] Executando query: SELECT empenho FROM pedido_empenho WHERE id_pedido = 1145
[25/03/2017 18:15:52 ] Executando query: SELECT itens.nome_fornecedor FROM itens, itens_pedido WHERE itens_pedido.id_item = itens.id AND itens_pedido.id_pedido = 1145 LIMIT 1
[25/03/2017 18:15:52 ] Executando query: SELECT empenho FROM pedido_empenho WHERE id_pedido = 1144
[25/03/2017 18:15:52 ] Executando query: SELECT empenho FROM pedido_empenho WHERE id_pedido = 1144
[25/03/2017 18:15:52 ] Executando query: SELECT itens.nome_fornecedor FROM itens, itens_pedido WHERE itens_pedido.id_item = itens.id AND itens_pedido.id_pedido = 1144 LIMIT 1
[25/03/2017 18:15:52 ] Executando query: SELECT empenho FROM pedido_empenho WHERE id_pedido = 1143
[25/03/2017 18:15:52 ] Executando query: SELECT empenho FROM pedido_empenho WHERE id_pedido = 1143
[25/03/2017 18:15:52 ] Executando query: SELECT itens.nome_fornecedor FROM itens, itens_pedido WHERE itens_pedido.id_item = itens.id AND itens_pedido.id_pedido = 1143 LIMIT 1
[25/03/2017 18:15:52 ] Executando query: SELECT empenho FROM pedido_empenho WHERE id_pedido = 1139
[25/03/2017 18:15:52 ] Executando query: SELECT empenho FROM pedido_empenho WHERE id_pedido = 1139
[25/03/2017 18:15:52 ] Executando query: SELECT empenho FROM pedido_empenho WHERE id_pedido = 1139
[25/03/2017 18:15:52 ] Executando query: SELECT DATE_FORMAT(data, '%d/%m/%Y') AS data FROM pedido_empenho WHERE id_pedido = 1139 LIMIT 1
[25/03/2017 18:15:52 ] Executando query: SELECT itens.nome_fornecedor FROM itens, itens_pedido WHERE itens_pedido.id_item = itens.id AND itens_pedido.id_pedido = 1139 LIMIT 1
[25/03/2017 18:15:52 ] Executando query: SELECT empenho FROM pedido_empenho WHERE id_pedido = 1138
[25/03/2017 18:15:52 ] Executando query: SELECT empenho FROM pedido_empenho WHERE id_pedido = 1138
[25/03/2017 18:15:52 ] Executando query: SELECT empenho FROM pedido_empenho WHERE id_pedido = 1138
[25/03/2017 18:15:52 ] Executando query: SELECT DATE_FORMAT(data, '%d/%m/%Y') AS data FROM pedido_empenho WHERE id_pedido = 1138 LIMIT 1
[25/03/2017 18:15:52 ] Executando query: SELECT itens.nome_fornecedor FROM itens, itens_pedido WHERE itens_pedido.id_item = itens.id AND itens_pedido.id_pedido = 1138 LIMIT 1
[25/03/2017 18:15:52 ] Executando query: SELECT empenho FROM pedido_empenho WHERE id_pedido = 1137
[25/03/2017 18:15:52 ] Executando query: SELECT empenho FROM pedido_empenho WHERE id_pedido = 1137
[25/03/2017 18:15:52 ] Executando query: SELECT empenho FROM pedido_empenho WHERE id_pedido = 1137
[25/03/2017 18:15:52 ] Executando query: SELECT DATE_FORMAT(data, '%d/%m/%Y') AS data FROM pedido_empenho WHERE id_pedido = 1137 LIMIT 1
[25/03/2017 18:15:52 ] Executando query: SELECT itens.nome_fornecedor FROM itens, itens_pedido WHERE itens_pedido.id_item = itens.id AND itens_pedido.id_pedido = 1137 LIMIT 1
[25/03/2017 18:15:52 ] Executando query: SELECT empenho FROM pedido_empenho WHERE id_pedido = 1136
[25/03/2017 18:15:52 ] Executando query: SELECT empenho FROM pedido_empenho WHERE id_pedido = 1136
[25/03/2017 18:15:52 ] Executando query: SELECT empenho FROM pedido_empenho WHERE id_pedido = 1136
[25/03/2017 18:15:52 ] Executando query: SELECT DATE_FORMAT(data, '%d/%m/%Y') AS data FROM pedido_empenho WHERE id_pedido = 1136 LIMIT 1
[25/03/2017 18:15:52 ] Executando query: SELECT itens.nome_fornecedor FROM itens, itens_pedido WHERE itens_pedido.id_item = itens.id AND itens_pedido.id_pedido = 1136 LIMIT 1
[25/03/2017 18:15:52 ] Executando query: SELECT empenho FROM pedido_empenho WHERE id_pedido = 1135
[25/03/2017 18:15:52 ] Executando query: SELECT empenho FROM pedido_empenho WHERE id_pedido = 1135
[25/03/2017 18:15:52 ] Executando query: SELECT empenho FROM pedido_empenho WHERE id_pedido = 1135
[25/03/2017 18:15:52 ] Executando query: SELECT DATE_FORMAT(data, '%d/%m/%Y') AS data FROM pedido_empenho WHERE id_pedido = 1135 LIMIT 1
[25/03/2017 18:15:52 ] Executando query: SELECT itens.nome_fornecedor FROM itens, itens_pedido WHERE itens_pedido.id_item = itens.id AND itens_pedido.id_pedido = 1135 LIMIT 1
[25/03/2017 18:15:52 ] Executando query: SELECT empenho FROM pedido_empenho WHERE id_pedido = 1134
[25/03/2017 18:15:52 ] Executando query: SELECT empenho FROM pedido_empenho WHERE id_pedido = 1134
[25/03/2017 18:15:52 ] Executando query: SELECT empenho FROM pedido_empenho WHERE id_pedido = 1134
[25/03/2017 18:15:52 ] Executando query: SELECT DATE_FORMAT(data, '%d/%m/%Y') AS data FROM pedido_empenho WHERE id_pedido = 1134 LIMIT 1
[25/03/2017 18:15:52 ] Executando query: SELECT itens.nome_fornecedor FROM itens, itens_pedido WHERE itens_pedido.id_item = itens.id AND itens_pedido.id_pedido = 1134 LIMIT 1
[25/03/2017 18:15:52 ] Executando query: SELECT empenho FROM pedido_empenho WHERE id_pedido = 1132
[25/03/2017 18:15:52 ] Executando query: SELECT empenho FROM pedido_empenho WHERE id_pedido = 1132
[25/03/2017 18:15:52 ] Executando query: SELECT empenho FROM pedido_empenho WHERE id_pedido = 1132
[25/03/2017 18:15:52 ] Executando query: SELECT DATE_FORMAT(data, '%d/%m/%Y') AS data FROM pedido_empenho WHERE id_pedido = 1132 LIMIT 1
[25/03/2017 18:15:52 ] Executando query: SELECT itens.nome_fornecedor FROM itens, itens_pedido WHERE itens_pedido.id_item = itens.id AND itens_pedido.id_pedido = 1132 LIMIT 1
[25/03/2017 18:15:52 ] Executando query: SELECT empenho FROM pedido_empenho WHERE id_pedido = 1131
[25/03/2017 18:15:52 ] Executando query: SELECT empenho FROM pedido_empenho WHERE id_pedido = 1131
[25/03/2017 18:15:52 ] Executando query: SELECT empenho FROM pedido_empenho WHERE id_pedido = 1131
[25/03/2017 18:15:52 ] Executando query: SELECT DATE_FORMAT(data, '%d/%m/%Y') AS data FROM pedido_empenho WHERE id_pedido = 1131 LIMIT 1
[25/03/2017 18:15:52 ] Executando query: SELECT itens.nome_fornecedor FROM itens, itens_pedido WHERE itens_pedido.id_item = itens.id AND itens_pedido.id_pedido = 1131 LIMIT 1
[25/03/2017 18:15:52 ] Executando query: SELECT empenho FROM pedido_empenho WHERE id_pedido = 1130
[25/03/2017 18:15:52 ] Executando query: SELECT empenho FROM pedido_empenho WHERE id_pedido = 1130
[25/03/2017 18:15:52 ] Executando query: SELECT itens.nome_fornecedor FROM itens, itens_pedido WHERE itens_pedido.id_item = itens.id AND itens_pedido.id_pedido = 1130 LIMIT 1
[25/03/2017 18:15:52 ] Executando query: SELECT empenho FROM pedido_empenho WHERE id_pedido = 1129
[25/03/2017 18:15:52 ] Executando query: SELECT empenho FROM pedido_empenho WHERE id_pedido = 1129
[25/03/2017 18:15:52 ] Executando query: SELECT itens.nome_fornecedor FROM itens, itens_pedido WHERE itens_pedido.id_item = itens.id AND itens_pedido.id_pedido = 1129 LIMIT 1
[25/03/2017 18:15:52 ] Executando query: SELECT empenho FROM pedido_empenho WHERE id_pedido = 1128
[25/03/2017 18:15:52 ] Executando query: SELECT empenho FROM pedido_empenho WHERE id_pedido = 1128
[25/03/2017 18:15:52 ] Executando query: SELECT itens.nome_fornecedor FROM itens, itens_pedido WHERE itens_pedido.id_item = itens.id AND itens_pedido.id_pedido = 1128 LIMIT 1
[25/03/2017 18:15:52 ] Executando query: SELECT empenho FROM pedido_empenho WHERE id_pedido = 1127
[25/03/2017 18:15:52 ] Executando query: SELECT empenho FROM pedido_empenho WHERE id_pedido = 1127
[25/03/2017 18:15:52 ] Executando query: SELECT itens.nome_fornecedor FROM itens, itens_pedido WHERE itens_pedido.id_item = itens.id AND itens_pedido.id_pedido = 1127 LIMIT 1
[25/03/2017 18:15:52 ] Executando query: SELECT empenho FROM pedido_empenho WHERE id_pedido = 1126
[25/03/2017 18:15:52 ] Executando query: SELECT empenho FROM pedido_empenho WHERE id_pedido = 1126
[25/03/2017 18:15:52 ] Executando query: SELECT itens.nome_fornecedor FROM itens, itens_pedido WHERE itens_pedido.id_item = itens.id AND itens_pedido.id_pedido = 1126 LIMIT 1
[25/03/2017 18:15:52 ] Executando query: SELECT empenho FROM pedido_empenho WHERE id_pedido = 1125
[25/03/2017 18:15:52 ] Executando query: SELECT empenho FROM pedido_empenho WHERE id_pedido = 1125
[25/03/2017 18:15:52 ] Executando query: SELECT itens.nome_fornecedor FROM itens, itens_pedido WHERE itens_pedido.id_item = itens.id AND itens_pedido.id_pedido = 1125 LIMIT 1
[25/03/2017 18:15:52 ] Executando query: SELECT empenho FROM pedido_empenho WHERE id_pedido = 1124
[25/03/2017 18:15:52 ] Executando query: SELECT empenho FROM pedido_empenho WHERE id_pedido = 1124
[25/03/2017 18:15:52 ] Executando query: SELECT itens.nome_fornecedor FROM itens, itens_pedido WHERE itens_pedido.id_item = itens.id AND itens_pedido.id_pedido = 1124 LIMIT 1
[25/03/2017 18:15:52 ] Executando query: SELECT empenho FROM pedido_empenho WHERE id_pedido = 1123
[25/03/2017 18:15:52 ] Executando query: SELECT empenho FROM pedido_empenho WHERE id_pedido = 1123
[25/03/2017 18:15:52 ] Executando query: SELECT itens.nome_fornecedor FROM itens, itens_pedido WHERE itens_pedido.id_item = itens.id AND itens_pedido.id_pedido = 1123 LIMIT 1
[25/03/2017 18:15:52 ] Executando query: SELECT empenho FROM pedido_empenho WHERE id_pedido = 1122
[25/03/2017 18:15:52 ] Executando query: SELECT empenho FROM pedido_empenho WHERE id_pedido = 1122
[25/03/2017 18:15:52 ] Executando query: SELECT itens.nome_fornecedor FROM itens, itens_pedido WHERE itens_pedido.id_item = itens.id AND itens_pedido.id_pedido = 1122 LIMIT 1
[25/03/2017 18:15:52 ] Executando query: SELECT empenho FROM pedido_empenho WHERE id_pedido = 1121
[25/03/2017 18:15:52 ] Executando query: SELECT empenho FROM pedido_empenho WHERE id_pedido = 1121
[25/03/2017 18:15:52 ] Executando query: SELECT itens.nome_fornecedor FROM itens, itens_pedido WHERE itens_pedido.id_item = itens.id AND itens_pedido.id_pedido = 1121 LIMIT 1
[25/03/2017 18:15:52 ] Executando query: SELECT empenho FROM pedido_empenho WHERE id_pedido = 1120
[25/03/2017 18:15:52 ] Executando query: SELECT empenho FROM pedido_empenho WHERE id_pedido = 1120
[25/03/2017 18:15:52 ] Executando query: SELECT empenho FROM pedido_empenho WHERE id_pedido = 1120
[25/03/2017 18:15:52 ] Executando query: SELECT DATE_FORMAT(data, '%d/%m/%Y') AS data FROM pedido_empenho WHERE id_pedido = 1120 LIMIT 1
[25/03/2017 18:15:52 ] Executando query: SELECT itens.nome_fornecedor FROM itens, itens_pedido WHERE itens_pedido.id_item = itens.id AND itens_pedido.id_pedido = 1120 LIMIT 1
[25/03/2017 18:15:52 ] Executando query: SELECT empenho FROM pedido_empenho WHERE id_pedido = 1119
[25/03/2017 18:15:52 ] Executando query: SELECT empenho FROM pedido_empenho WHERE id_pedido = 1119
[25/03/2017 18:15:52 ] Executando query: SELECT empenho FROM pedido_empenho WHERE id_pedido = 1119
[25/03/2017 18:15:52 ] Executando query: SELECT DATE_FORMAT(data, '%d/%m/%Y') AS data FROM pedido_empenho WHERE id_pedido = 1119 LIMIT 1
[25/03/2017 18:15:52 ] Executando query: SELECT itens.nome_fornecedor FROM itens, itens_pedido WHERE itens_pedido.id_item = itens.id AND itens_pedido.id_pedido = 1119 LIMIT 1
[25/03/2017 18:15:52 ] Executando query: SELECT empenho FROM pedido_empenho WHERE id_pedido = 1118
[25/03/2017 18:15:52 ] Executando query: SELECT empenho FROM pedido_empenho WHERE id_pedido = 1118
[25/03/2017 18:15:52 ] Executando query: SELECT empenho FROM pedido_empenho WHERE id_pedido = 1118
[25/03/2017 18:15:52 ] Executando query: SELECT DATE_FORMAT(data, '%d/%m/%Y') AS data FROM pedido_empenho WHERE id_pedido = 1118 LIMIT 1
[25/03/2017 18:15:52 ] Executando query: SELECT itens.nome_fornecedor FROM itens, itens_pedido WHERE itens_pedido.id_item = itens.id AND itens_pedido.id_pedido = 1118 LIMIT 1
[25/03/2017 18:15:52 ] Executando query: SELECT empenho FROM pedido_empenho WHERE id_pedido = 1117
[25/03/2017 18:15:52 ] Executando query: SELECT empenho FROM pedido_empenho WHERE id_pedido = 1117
[25/03/2017 18:15:52 ] Executando query: SELECT itens.nome_fornecedor FROM itens, itens_pedido WHERE itens_pedido.id_item = itens.id AND itens_pedido.id_pedido = 1117 LIMIT 1
[25/03/2017 18:15:52 ] Executando query: SELECT empenho FROM pedido_empenho WHERE id_pedido = 1116
[25/03/2017 18:15:52 ] Executando query: SELECT empenho FROM pedido_empenho WHERE id_pedido = 1116
[25/03/2017 18:15:52 ] Executando query: SELECT empenho FROM pedido_empenho WHERE id_pedido = 1116
[25/03/2017 18:15:52 ] Executando query: SELECT DATE_FORMAT(data, '%d/%m/%Y') AS data FROM pedido_empenho WHERE id_pedido = 1116 LIMIT 1
[25/03/2017 18:15:52 ] Executando query: SELECT itens.nome_fornecedor FROM itens, itens_pedido WHERE itens_pedido.id_item = itens.id AND itens_pedido.id_pedido = 1116 LIMIT 1
[25/03/2017 18:15:52 ] Executando query: SELECT empenho FROM pedido_empenho WHERE id_pedido = 1115
[25/03/2017 18:15:52 ] Executando query: SELECT empenho FROM pedido_empenho WHERE id_pedido = 1115
[25/03/2017 18:15:52 ] Executando query: SELECT empenho FROM pedido_empenho WHERE id_pedido = 1115
[25/03/2017 18:15:52 ] Executando query: SELECT DATE_FORMAT(data, '%d/%m/%Y') AS data FROM pedido_empenho WHERE id_pedido = 1115 LIMIT 1
[25/03/2017 18:15:52 ] Executando query: SELECT itens.nome_fornecedor FROM itens, itens_pedido WHERE itens_pedido.id_item = itens.id AND itens_pedido.id_pedido = 1115 LIMIT 1
[25/03/2017 18:15:52 ] Executando query: SELECT empenho FROM pedido_empenho WHERE id_pedido = 1114
[25/03/2017 18:15:52 ] Executando query: SELECT empenho FROM pedido_empenho WHERE id_pedido = 1114
[25/03/2017 18:15:52 ] Executando query: SELECT itens.nome_fornecedor FROM itens, itens_pedido WHERE itens_pedido.id_item = itens.id AND itens_pedido.id_pedido = 1114 LIMIT 1
[25/03/2017 18:15:52 ] Executando query: SELECT empenho FROM pedido_empenho WHERE id_pedido = 1113
[25/03/2017 18:15:52 ] Executando query: SELECT empenho FROM pedido_empenho WHERE id_pedido = 1113
[25/03/2017 18:15:52 ] Executando query: SELECT itens.nome_fornecedor FROM itens, itens_pedido WHERE itens_pedido.id_item = itens.id AND itens_pedido.id_pedido = 1113 LIMIT 1
[25/03/2017 18:15:52 ] Executando query: SELECT empenho FROM pedido_empenho WHERE id_pedido = 1112
[25/03/2017 18:15:52 ] Executando query: SELECT empenho FROM pedido_empenho WHERE id_pedido = 1112
[25/03/2017 18:15:52 ] Executando query: SELECT itens.nome_fornecedor FROM itens, itens_pedido WHERE itens_pedido.id_item = itens.id AND itens_pedido.id_pedido = 1112 LIMIT 1
[25/03/2017 18:15:52 ] Executando query: SELECT empenho FROM pedido_empenho WHERE id_pedido = 1111
[25/03/2017 18:15:52 ] Executando query: SELECT empenho FROM pedido_empenho WHERE id_pedido = 1111
[25/03/2017 18:15:52 ] Executando query: SELECT itens.nome_fornecedor FROM itens, itens_pedido WHERE itens_pedido.id_item = itens.id AND itens_pedido.id_pedido = 1111 LIMIT 1
[25/03/2017 18:15:52 ] Executando query: SELECT empenho FROM pedido_empenho WHERE id_pedido = 1110
[25/03/2017 18:15:52 ] Executando query: SELECT empenho FROM pedido_empenho WHERE id_pedido = 1110
[25/03/2017 18:15:52 ] Executando query: SELECT empenho FROM pedido_empenho WHERE id_pedido = 1110
[25/03/2017 18:15:52 ] Executando query: SELECT DATE_FORMAT(data, '%d/%m/%Y') AS data FROM pedido_empenho WHERE id_pedido = 1110 LIMIT 1
[25/03/2017 18:15:52 ] Executando query: SELECT itens.nome_fornecedor FROM itens, itens_pedido WHERE itens_pedido.id_item = itens.id AND itens_pedido.id_pedido = 1110 LIMIT 1
[25/03/2017 18:15:52 ] Executando query: SELECT empenho FROM pedido_empenho WHERE id_pedido = 1109
[25/03/2017 18:15:52 ] Executando query: SELECT empenho FROM pedido_empenho WHERE id_pedido = 1109
[25/03/2017 18:15:52 ] Executando query: SELECT empenho FROM pedido_empenho WHERE id_pedido = 1109
[25/03/2017 18:15:52 ] Executando query: SELECT DATE_FORMAT(data, '%d/%m/%Y') AS data FROM pedido_empenho WHERE id_pedido = 1109 LIMIT 1
[25/03/2017 18:15:52 ] Executando query: SELECT itens.nome_fornecedor FROM itens, itens_pedido WHERE itens_pedido.id_item = itens.id AND itens_pedido.id_pedido = 1109 LIMIT 1
[25/03/2017 18:15:52 ] Executando query: SELECT empenho FROM pedido_empenho WHERE id_pedido = 1108
[25/03/2017 18:15:52 ] Executando query: SELECT empenho FROM pedido_empenho WHERE id_pedido = 1108
[25/03/2017 18:15:52 ] Executando query: SELECT empenho FROM pedido_empenho WHERE id_pedido = 1108
[25/03/2017 18:15:52 ] Executando query: SELECT DATE_FORMAT(data, '%d/%m/%Y') AS data FROM pedido_empenho WHERE id_pedido = 1108 LIMIT 1
[25/03/2017 18:15:52 ] Executando query: SELECT itens.nome_fornecedor FROM itens, itens_pedido WHERE itens_pedido.id_item = itens.id AND itens_pedido.id_pedido = 1108 LIMIT 1
[25/03/2017 18:15:52 ] Executando query: SELECT empenho FROM pedido_empenho WHERE id_pedido = 1107
[25/03/2017 18:15:52 ] Executando query: SELECT empenho FROM pedido_empenho WHERE id_pedido = 1107
[25/03/2017 18:15:52 ] Executando query: SELECT itens.nome_fornecedor FROM itens, itens_pedido WHERE itens_pedido.id_item = itens.id AND itens_pedido.id_pedido = 1107 LIMIT 1
[25/03/2017 18:15:52 ] Executando query: SELECT empenho FROM pedido_empenho WHERE id_pedido = 1106
[25/03/2017 18:15:52 ] Executando query: SELECT empenho FROM pedido_empenho WHERE id_pedido = 1106
[25/03/2017 18:15:52 ] Executando query: SELECT itens.nome_fornecedor FROM itens, itens_pedido WHERE itens_pedido.id_item = itens.id AND itens_pedido.id_pedido = 1106 LIMIT 1
[25/03/2017 18:15:52 ] Executando query: SELECT empenho FROM pedido_empenho WHERE id_pedido = 1105
[25/03/2017 18:15:52 ] Executando query: SELECT empenho FROM pedido_empenho WHERE id_pedido = 1105
[25/03/2017 18:15:52 ] Executando query: SELECT itens.nome_fornecedor FROM itens, itens_pedido WHERE itens_pedido.id_item = itens.id AND itens_pedido.id_pedido = 1105 LIMIT 1
[25/03/2017 18:15:52 ] Executando query: SELECT empenho FROM pedido_empenho WHERE id_pedido = 1104
[25/03/2017 18:15:52 ] Executando query: SELECT empenho FROM pedido_empenho WHERE id_pedido = 1104
[25/03/2017 18:15:52 ] Executando query: SELECT itens.nome_fornecedor FROM itens, itens_pedido WHERE itens_pedido.id_item = itens.id AND itens_pedido.id_pedido = 1104 LIMIT 1
[25/03/2017 18:15:52 ] Executando query: SELECT empenho FROM pedido_empenho WHERE id_pedido = 1103
[25/03/2017 18:15:52 ] Executando query: SELECT empenho FROM pedido_empenho WHERE id_pedido = 1103
[25/03/2017 18:15:52 ] Executando query: SELECT itens.nome_fornecedor FROM itens, itens_pedido WHERE itens_pedido.id_item = itens.id AND itens_pedido.id_pedido = 1103 LIMIT 1
[25/03/2017 18:15:52 ] Executando query: SELECT empenho FROM pedido_empenho WHERE id_pedido = 1102
[25/03/2017 18:15:52 ] Executando query: SELECT empenho FROM pedido_empenho WHERE id_pedido = 1102
[25/03/2017 18:15:52 ] Executando query: SELECT itens.nome_fornecedor FROM itens, itens_pedido WHERE itens_pedido.id_item = itens.id AND itens_pedido.id_pedido = 1102 LIMIT 1
[25/03/2017 18:15:52 ] Executando query: SELECT empenho FROM pedido_empenho WHERE id_pedido = 1101
[25/03/2017 18:15:52 ] Executando query: SELECT empenho FROM pedido_empenho WHERE id_pedido = 1101
[25/03/2017 18:15:52 ] Executando query: SELECT itens.nome_fornecedor FROM itens, itens_pedido WHERE itens_pedido.id_item = itens.id AND itens_pedido.id_pedido = 1101 LIMIT 1
[25/03/2017 18:15:52 ] Executando query: SELECT empenho FROM pedido_empenho WHERE id_pedido = 1100
[25/03/2017 18:15:52 ] Executando query: SELECT empenho FROM pedido_empenho WHERE id_pedido = 1100
[25/03/2017 18:15:52 ] Executando query: SELECT itens.nome_fornecedor FROM itens, itens_pedido WHERE itens_pedido.id_item = itens.id AND itens_pedido.id_pedido = 1100 LIMIT 1
[25/03/2017 18:15:52 ] Executando query: SELECT empenho FROM pedido_empenho WHERE id_pedido = 1099
[25/03/2017 18:15:52 ] Executando query: SELECT empenho FROM pedido_empenho WHERE id_pedido = 1099
[25/03/2017 18:15:52 ] Executando query: SELECT itens.nome_fornecedor FROM itens, itens_pedido WHERE itens_pedido.id_item = itens.id AND itens_pedido.id_pedido = 1099 LIMIT 1
[25/03/2017 18:15:52 ] Executando query: SELECT empenho FROM pedido_empenho WHERE id_pedido = 1098
[25/03/2017 18:15:52 ] Executando query: SELECT empenho FROM pedido_empenho WHERE id_pedido = 1098
[25/03/2017 18:15:52 ] Executando query: SELECT itens.nome_fornecedor FROM itens, itens_pedido WHERE itens_pedido.id_item = itens.id AND itens_pedido.id_pedido = 1098 LIMIT 1
[25/03/2017 18:15:52 ] Executando query: SELECT empenho FROM pedido_empenho WHERE id_pedido = 1097
[25/03/2017 18:15:52 ] Executando query: SELECT empenho FROM pedido_empenho WHERE id_pedido = 1097
[25/03/2017 18:15:52 ] Executando query: SELECT itens.nome_fornecedor FROM itens, itens_pedido WHERE itens_pedido.id_item = itens.id AND itens_pedido.id_pedido = 1097 LIMIT 1
[25/03/2017 18:15:52 ] Executando query: SELECT empenho FROM pedido_empenho WHERE id_pedido = 1096
[25/03/2017 18:15:52 ] Executando query: SELECT empenho FROM pedido_empenho WHERE id_pedido = 1096
[25/03/2017 18:15:52 ] Executando query: SELECT itens.nome_fornecedor FROM itens, itens_pedido WHERE itens_pedido.id_item = itens.id AND itens_pedido.id_pedido = 1096 LIMIT 1
[25/03/2017 18:15:52 ] Executando query: SELECT empenho FROM pedido_empenho WHERE id_pedido = 1095
[25/03/2017 18:15:52 ] Executando query: SELECT empenho FROM pedido_empenho WHERE id_pedido = 1095
[25/03/2017 18:15:52 ] Executando query: SELECT itens.nome_fornecedor FROM itens, itens_pedido WHERE itens_pedido.id_item = itens.id AND itens_pedido.id_pedido = 1095 LIMIT 1
[25/03/2017 18:15:52 ] Executando query: SELECT empenho FROM pedido_empenho WHERE id_pedido = 1094
[25/03/2017 18:15:52 ] Executando query: SELECT empenho FROM pedido_empenho WHERE id_pedido = 1094
[25/03/2017 18:15:52 ] Executando query: SELECT itens.nome_fornecedor FROM itens, itens_pedido WHERE itens_pedido.id_item = itens.id AND itens_pedido.id_pedido = 1094 LIMIT 1
[25/03/2017 18:15:52 ] Executando query: SELECT empenho FROM pedido_empenho WHERE id_pedido = 1093
[25/03/2017 18:15:52 ] Executando query: SELECT empenho FROM pedido_empenho WHERE id_pedido = 1093
[25/03/2017 18:15:52 ] Executando query: SELECT itens.nome_fornecedor FROM itens, itens_pedido WHERE itens_pedido.id_item = itens.id AND itens_pedido.id_pedido = 1093 LIMIT 1
[25/03/2017 18:15:52 ] Executando query: SELECT empenho FROM pedido_empenho WHERE id_pedido = 1092
[25/03/2017 18:15:52 ] Executando query: SELECT empenho FROM pedido_empenho WHERE id_pedido = 1092
[25/03/2017 18:15:52 ] Executando query: SELECT itens.nome_fornecedor FROM itens, itens_pedido WHERE itens_pedido.id_item = itens.id AND itens_pedido.id_pedido = 1092 LIMIT 1
[25/03/2017 18:15:52 ] Executando query: SELECT empenho FROM pedido_empenho WHERE id_pedido = 1091
[25/03/2017 18:15:52 ] Executando query: SELECT empenho FROM pedido_empenho WHERE id_pedido = 1091
[25/03/2017 18:15:52 ] Executando query: SELECT itens.nome_fornecedor FROM itens, itens_pedido WHERE itens_pedido.id_item = itens.id AND itens_pedido.id_pedido = 1091 LIMIT 1
[25/03/2017 18:15:52 ] Executando query: SELECT empenho FROM pedido_empenho WHERE id_pedido = 1090
[25/03/2017 18:15:52 ] Executando query: SELECT empenho FROM pedido_empenho WHERE id_pedido = 1090
[25/03/2017 18:15:52 ] Executando query: SELECT empenho FROM pedido_empenho WHERE id_pedido = 1090
[25/03/2017 18:15:52 ] Executando query: SELECT DATE_FORMAT(data, '%d/%m/%Y') AS data FROM pedido_empenho WHERE id_pedido = 1090 LIMIT 1
[25/03/2017 18:15:52 ] Executando query: SELECT itens.nome_fornecedor FROM itens, itens_pedido WHERE itens_pedido.id_item = itens.id AND itens_pedido.id_pedido = 1090 LIMIT 1
[25/03/2017 18:15:52 ] Executando query: SELECT empenho FROM pedido_empenho WHERE id_pedido = 1089
[25/03/2017 18:15:52 ] Executando query: SELECT empenho FROM pedido_empenho WHERE id_pedido = 1089
[25/03/2017 18:15:52 ] Executando query: SELECT itens.nome_fornecedor FROM itens, itens_pedido WHERE itens_pedido.id_item = itens.id AND itens_pedido.id_pedido = 1089 LIMIT 1
[25/03/2017 18:15:52 ] Executando query: SELECT empenho FROM pedido_empenho WHERE id_pedido = 1088
[25/03/2017 18:15:52 ] Executando query: SELECT empenho FROM pedido_empenho WHERE id_pedido = 1088
[25/03/2017 18:15:52 ] Executando query: SELECT itens.nome_fornecedor FROM itens, itens_pedido WHERE itens_pedido.id_item = itens.id AND itens_pedido.id_pedido = 1088 LIMIT 1
[25/03/2017 18:15:52 ] Executando query: SELECT empenho FROM pedido_empenho WHERE id_pedido = 1087
[25/03/2017 18:15:52 ] Executando query: SELECT empenho FROM pedido_empenho WHERE id_pedido = 1087
[25/03/2017 18:15:52 ] Executando query: SELECT empenho FROM pedido_empenho WHERE id_pedido = 1087
[25/03/2017 18:15:52 ] Executando query: SELECT DATE_FORMAT(data, '%d/%m/%Y') AS data FROM pedido_empenho WHERE id_pedido = 1087 LIMIT 1
[25/03/2017 18:15:52 ] Executando query: SELECT itens.nome_fornecedor FROM itens, itens_pedido WHERE itens_pedido.id_item = itens.id AND itens_pedido.id_pedido = 1087 LIMIT 1
[25/03/2017 18:15:52 ] Executando query: SELECT empenho FROM pedido_empenho WHERE id_pedido = 1086
[25/03/2017 18:15:52 ] Executando query: SELECT empenho FROM pedido_empenho WHERE id_pedido = 1086
[25/03/2017 18:15:52 ] Executando query: SELECT itens.nome_fornecedor FROM itens, itens_pedido WHERE itens_pedido.id_item = itens.id AND itens_pedido.id_pedido = 1086 LIMIT 1
[25/03/2017 18:15:52 ] Executando query: SELECT empenho FROM pedido_empenho WHERE id_pedido = 1085
[25/03/2017 18:15:52 ] Executando query: SELECT empenho FROM pedido_empenho WHERE id_pedido = 1085
[25/03/2017 18:15:52 ] Executando query: SELECT empenho FROM pedido_empenho WHERE id_pedido = 1085
[25/03/2017 18:15:52 ] Executando query: SELECT DATE_FORMAT(data, '%d/%m/%Y') AS data FROM pedido_empenho WHERE id_pedido = 1085 LIMIT 1
[25/03/2017 18:15:52 ] Executando query: SELECT itens.nome_fornecedor FROM itens, itens_pedido WHERE itens_pedido.id_item = itens.id AND itens_pedido.id_pedido = 1085 LIMIT 1
[25/03/2017 18:15:52 ] Executando query: SELECT empenho FROM pedido_empenho WHERE id_pedido = 1084
[25/03/2017 18:15:52 ] Executando query: SELECT empenho FROM pedido_empenho WHERE id_pedido = 1084
[25/03/2017 18:15:52 ] Executando query: SELECT empenho FROM pedido_empenho WHERE id_pedido = 1084
[25/03/2017 18:15:52 ] Executando query: SELECT DATE_FORMAT(data, '%d/%m/%Y') AS data FROM pedido_empenho WHERE id_pedido = 1084 LIMIT 1
[25/03/2017 18:15:52 ] Executando query: SELECT itens.nome_fornecedor FROM itens, itens_pedido WHERE itens_pedido.id_item = itens.id AND itens_pedido.id_pedido = 1084 LIMIT 1
[25/03/2017 18:15:52 ] Executando query: SELECT empenho FROM pedido_empenho WHERE id_pedido = 1083
[25/03/2017 18:15:52 ] Executando query: SELECT empenho FROM pedido_empenho WHERE id_pedido = 1083
[25/03/2017 18:15:52 ] Executando query: SELECT empenho FROM pedido_empenho WHERE id_pedido = 1083
[25/03/2017 18:15:52 ] Executando query: SELECT DATE_FORMAT(data, '%d/%m/%Y') AS data FROM pedido_empenho WHERE id_pedido = 1083 LIMIT 1
[25/03/2017 18:15:52 ] Executando query: SELECT itens.nome_fornecedor FROM itens, itens_pedido WHERE itens_pedido.id_item = itens.id AND itens_pedido.id_pedido = 1083 LIMIT 1
[25/03/2017 18:15:52 ] Executando query: SELECT empenho FROM pedido_empenho WHERE id_pedido = 1082
[25/03/2017 18:15:52 ] Executando query: SELECT empenho FROM pedido_empenho WHERE id_pedido = 1082
[25/03/2017 18:15:52 ] Executando query: SELECT empenho FROM pedido_empenho WHERE id_pedido = 1082
[25/03/2017 18:15:52 ] Executando query: SELECT DATE_FORMAT(data, '%d/%m/%Y') AS data FROM pedido_empenho WHERE id_pedido = 1082 LIMIT 1
[25/03/2017 18:15:52 ] Executando query: SELECT itens.nome_fornecedor FROM itens, itens_pedido WHERE itens_pedido.id_item = itens.id AND itens_pedido.id_pedido = 1082 LIMIT 1
[25/03/2017 18:15:52 ] Executando query: SELECT empenho FROM pedido_empenho WHERE id_pedido = 1081
[25/03/2017 18:15:52 ] Executando query: SELECT empenho FROM pedido_empenho WHERE id_pedido = 1081
[25/03/2017 18:15:52 ] Executando query: SELECT empenho FROM pedido_empenho WHERE id_pedido = 1081
[25/03/2017 18:15:52 ] Executando query: SELECT DATE_FORMAT(data, '%d/%m/%Y') AS data FROM pedido_empenho WHERE id_pedido = 1081 LIMIT 1
[25/03/2017 18:15:52 ] Executando query: SELECT itens.nome_fornecedor FROM itens, itens_pedido WHERE itens_pedido.id_item = itens.id AND itens_pedido.id_pedido = 1081 LIMIT 1
[25/03/2017 18:15:52 ] Executando query: SELECT empenho FROM pedido_empenho WHERE id_pedido = 1080
[25/03/2017 18:15:52 ] Executando query: SELECT empenho FROM pedido_empenho WHERE id_pedido = 1080
[25/03/2017 18:15:52 ] Executando query: SELECT itens.nome_fornecedor FROM itens, itens_pedido WHERE itens_pedido.id_item = itens.id AND itens_pedido.id_pedido = 1080 LIMIT 1
[25/03/2017 18:15:52 ] Executando query: SELECT empenho FROM pedido_empenho WHERE id_pedido = 1079
[25/03/2017 18:15:52 ] Executando query: SELECT empenho FROM pedido_empenho WHERE id_pedido = 1079
[25/03/2017 18:15:52 ] Executando query: SELECT empenho FROM pedido_empenho WHERE id_pedido = 1079
[25/03/2017 18:15:52 ] Executando query: SELECT DATE_FORMAT(data, '%d/%m/%Y') AS data FROM pedido_empenho WHERE id_pedido = 1079 LIMIT 1
[25/03/2017 18:15:52 ] Executando query: SELECT itens.nome_fornecedor FROM itens, itens_pedido WHERE itens_pedido.id_item = itens.id AND itens_pedido.id_pedido = 1079 LIMIT 1
[25/03/2017 18:15:52 ] Executando query: SELECT empenho FROM pedido_empenho WHERE id_pedido = 1078
[25/03/2017 18:15:52 ] Executando query: SELECT empenho FROM pedido_empenho WHERE id_pedido = 1078
[25/03/2017 18:15:52 ] Executando query: SELECT empenho FROM pedido_empenho WHERE id_pedido = 1078
[25/03/2017 18:15:52 ] Executando query: SELECT DATE_FORMAT(data, '%d/%m/%Y') AS data FROM pedido_empenho WHERE id_pedido = 1078 LIMIT 1
[25/03/2017 18:15:52 ] Executando query: SELECT itens.nome_fornecedor FROM itens, itens_pedido WHERE itens_pedido.id_item = itens.id AND itens_pedido.id_pedido = 1078 LIMIT 1
[25/03/2017 18:15:52 ] Executando query: SELECT empenho FROM pedido_empenho WHERE id_pedido = 1077
[25/03/2017 18:15:52 ] Executando query: SELECT empenho FROM pedido_empenho WHERE id_pedido = 1077
[25/03/2017 18:15:52 ] Executando query: SELECT empenho FROM pedido_empenho WHERE id_pedido = 1077
[25/03/2017 18:15:52 ] Executando query: SELECT DATE_FORMAT(data, '%d/%m/%Y') AS data FROM pedido_empenho WHERE id_pedido = 1077 LIMIT 1
[25/03/2017 18:15:52 ] Executando query: SELECT itens.nome_fornecedor FROM itens, itens_pedido WHERE itens_pedido.id_item = itens.id AND itens_pedido.id_pedido = 1077 LIMIT 1
[25/03/2017 18:15:52 ] Executando query: SELECT empenho FROM pedido_empenho WHERE id_pedido = 1076
[25/03/2017 18:15:52 ] Executando query: SELECT empenho FROM pedido_empenho WHERE id_pedido = 1076
[25/03/2017 18:15:52 ] Executando query: SELECT itens.nome_fornecedor FROM itens, itens_pedido WHERE itens_pedido.id_item = itens.id AND itens_pedido.id_pedido = 1076 LIMIT 1
[25/03/2017 18:15:52 ] Executando query: SELECT empenho FROM pedido_empenho WHERE id_pedido = 1075
[25/03/2017 18:15:52 ] Executando query: SELECT empenho FROM pedido_empenho WHERE id_pedido = 1075
[25/03/2017 18:15:52 ] Executando query: SELECT empenho FROM pedido_empenho WHERE id_pedido = 1075
[25/03/2017 18:15:52 ] Executando query: SELECT DATE_FORMAT(data, '%d/%m/%Y') AS data FROM pedido_empenho WHERE id_pedido = 1075 LIMIT 1
[25/03/2017 18:15:52 ] Executando query: SELECT itens.nome_fornecedor FROM itens, itens_pedido WHERE itens_pedido.id_item = itens.id AND itens_pedido.id_pedido = 1075 LIMIT 1
[25/03/2017 18:15:52 ] Executando query: SELECT empenho FROM pedido_empenho WHERE id_pedido = 1074
[25/03/2017 18:15:52 ] Executando query: SELECT empenho FROM pedido_empenho WHERE id_pedido = 1074
[25/03/2017 18:15:52 ] Executando query: SELECT empenho FROM pedido_empenho WHERE id_pedido = 1074
[25/03/2017 18:15:52 ] Executando query: SELECT DATE_FORMAT(data, '%d/%m/%Y') AS data FROM pedido_empenho WHERE id_pedido = 1074 LIMIT 1
[25/03/2017 18:15:52 ] Executando query: SELECT itens.nome_fornecedor FROM itens, itens_pedido WHERE itens_pedido.id_item = itens.id AND itens_pedido.id_pedido = 1074 LIMIT 1
[25/03/2017 18:15:52 ] Executando query: SELECT empenho FROM pedido_empenho WHERE id_pedido = 1073
[25/03/2017 18:15:52 ] Executando query: SELECT empenho FROM pedido_empenho WHERE id_pedido = 1073
[25/03/2017 18:15:52 ] Executando query: SELECT empenho FROM pedido_empenho WHERE id_pedido = 1073
[25/03/2017 18:15:52 ] Executando query: SELECT DATE_FORMAT(data, '%d/%m/%Y') AS data FROM pedido_empenho WHERE id_pedido = 1073 LIMIT 1
[25/03/2017 18:15:52 ] Executando query: SELECT itens.nome_fornecedor FROM itens, itens_pedido WHERE itens_pedido.id_item = itens.id AND itens_pedido.id_pedido = 1073 LIMIT 1
[25/03/2017 18:15:52 ] Executando query: SELECT empenho FROM pedido_empenho WHERE id_pedido = 1072
[25/03/2017 18:15:52 ] Executando query: SELECT empenho FROM pedido_empenho WHERE id_pedido = 1072
[25/03/2017 18:15:52 ] Executando query: SELECT itens.nome_fornecedor FROM itens, itens_pedido WHERE itens_pedido.id_item = itens.id AND itens_pedido.id_pedido = 1072 LIMIT 1
[25/03/2017 18:15:52 ] Executando query: SELECT empenho FROM pedido_empenho WHERE id_pedido = 1071
[25/03/2017 18:15:52 ] Executando query: SELECT empenho FROM pedido_empenho WHERE id_pedido = 1071
[25/03/2017 18:15:52 ] Executando query: SELECT itens.nome_fornecedor FROM itens, itens_pedido WHERE itens_pedido.id_item = itens.id AND itens_pedido.id_pedido = 1071 LIMIT 1
[25/03/2017 18:15:52 ] Executando query: SELECT empenho FROM pedido_empenho WHERE id_pedido = 1070
[25/03/2017 18:15:52 ] Executando query: SELECT empenho FROM pedido_empenho WHERE id_pedido = 1070
[25/03/2017 18:15:52 ] Executando query: SELECT itens.nome_fornecedor FROM itens, itens_pedido WHERE itens_pedido.id_item = itens.id AND itens_pedido.id_pedido = 1070 LIMIT 1
[25/03/2017 18:15:52 ] Executando query: SELECT empenho FROM pedido_empenho WHERE id_pedido = 1069
[25/03/2017 18:15:52 ] Executando query: SELECT empenho FROM pedido_empenho WHERE id_pedido = 1069
[25/03/2017 18:15:52 ] Executando query: SELECT empenho FROM pedido_empenho WHERE id_pedido = 1069
[25/03/2017 18:15:52 ] Executando query: SELECT DATE_FORMAT(data, '%d/%m/%Y') AS data FROM pedido_empenho WHERE id_pedido = 1069 LIMIT 1
[25/03/2017 18:15:52 ] Executando query: SELECT itens.nome_fornecedor FROM itens, itens_pedido WHERE itens_pedido.id_item = itens.id AND itens_pedido.id_pedido = 1069 LIMIT 1
[25/03/2017 18:15:52 ] Executando query: SELECT empenho FROM pedido_empenho WHERE id_pedido = 1068
[25/03/2017 18:15:52 ] Executando query: SELECT empenho FROM pedido_empenho WHERE id_pedido = 1068
[25/03/2017 18:15:52 ] Executando query: SELECT empenho FROM pedido_empenho WHERE id_pedido = 1068
[25/03/2017 18:15:52 ] Executando query: SELECT DATE_FORMAT(data, '%d/%m/%Y') AS data FROM pedido_empenho WHERE id_pedido = 1068 LIMIT 1
[25/03/2017 18:15:52 ] Executando query: SELECT itens.nome_fornecedor FROM itens, itens_pedido WHERE itens_pedido.id_item = itens.id AND itens_pedido.id_pedido = 1068 LIMIT 1
[25/03/2017 18:15:52 ] Executando query: SELECT empenho FROM pedido_empenho WHERE id_pedido = 1066
[25/03/2017 18:15:52 ] Executando query: SELECT empenho FROM pedido_empenho WHERE id_pedido = 1066
[25/03/2017 18:15:52 ] Executando query: SELECT itens.nome_fornecedor FROM itens, itens_pedido WHERE itens_pedido.id_item = itens.id AND itens_pedido.id_pedido = 1066 LIMIT 1
[25/03/2017 18:15:52 ] Executando query: SELECT empenho FROM pedido_empenho WHERE id_pedido = 1065
[25/03/2017 18:15:52 ] Executando query: SELECT empenho FROM pedido_empenho WHERE id_pedido = 1065
[25/03/2017 18:15:52 ] Executando query: SELECT empenho FROM pedido_empenho WHERE id_pedido = 1065
[25/03/2017 18:15:52 ] Executando query: SELECT DATE_FORMAT(data, '%d/%m/%Y') AS data FROM pedido_empenho WHERE id_pedido = 1065 LIMIT 1
[25/03/2017 18:15:52 ] Executando query: SELECT itens.nome_fornecedor FROM itens, itens_pedido WHERE itens_pedido.id_item = itens.id AND itens_pedido.id_pedido = 1065 LIMIT 1
[25/03/2017 18:15:52 ] Executando query: SELECT empenho FROM pedido_empenho WHERE id_pedido = 1064
[25/03/2017 18:15:52 ] Executando query: SELECT empenho FROM pedido_empenho WHERE id_pedido = 1064
[25/03/2017 18:15:52 ] Executando query: SELECT empenho FROM pedido_empenho WHERE id_pedido = 1064
[25/03/2017 18:15:52 ] Executando query: SELECT DATE_FORMAT(data, '%d/%m/%Y') AS data FROM pedido_empenho WHERE id_pedido = 1064 LIMIT 1
[25/03/2017 18:15:52 ] Executando query: SELECT itens.nome_fornecedor FROM itens, itens_pedido WHERE itens_pedido.id_item = itens.id AND itens_pedido.id_pedido = 1064 LIMIT 1
[25/03/2017 18:15:52 ] Executando query: SELECT saldo FROM saldo_setor WHERE id_setor = 2
[25/03/2017 18:16:44 ] Executando query: SELECT * FROM status
[25/03/2017 18:16:44 ] Executando query: SELECT * FROM prioridade
[25/03/2017 18:16:44 ] Executando query: SELECT * FROM setores
[25/03/2017 18:16:44 ] Executando query: SELECT * FROM saldo_categoria
[25/03/2017 18:16:44 ] Executando query: SELECT id, id_setor, DATE_FORMAT(data_pedido, '%d/%m/%Y') AS data_pedido, prioridade, status, valor, aprov_gerencia FROM pedido WHERE status <> 3 AND alteracao = 0 AND id > 5 AND id < 10 ORDER BY id DESC LIMIT 100
[25/03/2017 18:16:44 ] Executando query: SELECT empenho FROM pedido_empenho WHERE id_pedido = 9
[25/03/2017 18:16:44 ] Executando query: SELECT empenho FROM pedido_empenho WHERE id_pedido = 9
[25/03/2017 18:16:44 ] Executando query: SELECT empenho FROM pedido_empenho WHERE id_pedido = 9
[25/03/2017 18:16:44 ] Executando query: SELECT DATE_FORMAT(data, '%d/%m/%Y') AS data FROM pedido_empenho WHERE id_pedido = 9 LIMIT 1
[25/03/2017 18:16:44 ] Executando query: SELECT itens.nome_fornecedor FROM itens, itens_pedido WHERE itens_pedido.id_item = itens.id AND itens_pedido.id_pedido = 9 LIMIT 1
[25/03/2017 18:16:44 ] Executando query: SELECT empenho FROM pedido_empenho WHERE id_pedido = 8
[25/03/2017 18:16:44 ] Executando query: SELECT empenho FROM pedido_empenho WHERE id_pedido = 8
[25/03/2017 18:16:44 ] Executando query: SELECT empenho FROM pedido_empenho WHERE id_pedido = 8
[25/03/2017 18:16:44 ] Executando query: SELECT DATE_FORMAT(data, '%d/%m/%Y') AS data FROM pedido_empenho WHERE id_pedido = 8 LIMIT 1
[25/03/2017 18:16:44 ] Executando query: SELECT itens.nome_fornecedor FROM itens, itens_pedido WHERE itens_pedido.id_item = itens.id AND itens_pedido.id_pedido = 8 LIMIT 1
[25/03/2017 18:16:44 ] Executando query: SELECT empenho FROM pedido_empenho WHERE id_pedido = 7
[25/03/2017 18:16:44 ] Executando query: SELECT empenho FROM pedido_empenho WHERE id_pedido = 7
[25/03/2017 18:16:44 ] Executando query: SELECT itens.nome_fornecedor FROM itens, itens_pedido WHERE itens_pedido.id_item = itens.id AND itens_pedido.id_pedido = 7 LIMIT 1
[25/03/2017 18:16:44 ] Executando query: SELECT empenho FROM pedido_empenho WHERE id_pedido = 6
[25/03/2017 18:16:44 ] Executando query: SELECT empenho FROM pedido_empenho WHERE id_pedido = 6
[25/03/2017 18:16:44 ] Executando query: SELECT empenho FROM pedido_empenho WHERE id_pedido = 6
[25/03/2017 18:16:44 ] Executando query: SELECT DATE_FORMAT(data, '%d/%m/%Y') AS data FROM pedido_empenho WHERE id_pedido = 6 LIMIT 1
[25/03/2017 18:16:44 ] Executando query: SELECT itens.nome_fornecedor FROM itens, itens_pedido WHERE itens_pedido.id_item = itens.id AND itens_pedido.id_pedido = 6 LIMIT 1
[25/03/2017 18:17:01 ] Executando query: SELECT * FROM status
[25/03/2017 18:17:01 ] Executando query: SELECT * FROM prioridade
[25/03/2017 18:17:01 ] Executando query: SELECT * FROM setores
[25/03/2017 18:17:01 ] Executando query: SELECT * FROM saldo_categoria
[25/03/2017 18:17:01 ] Executando query: SELECT ativo FROM sistema LIMIT 1
[25/03/2017 18:17:01 ] Executando query: SELECT id FROM pedido_empenho WHERE id_pedido = 7
[25/03/2017 18:17:01 ] Executando query: UPDATE pedido SET status = 7 WHERE id = 7
[25/03/2017 18:17:02 ] Executando query: INSERT INTO pedido_empenho VALUES(NULL, 7, '8090100', '2017-03-25');
[25/03/2017 18:17:02 ] Executando query: SELECT * FROM status
[25/03/2017 18:17:02 ] Executando query: SELECT * FROM prioridade
[25/03/2017 18:17:02 ] Executando query: SELECT * FROM setores
[25/03/2017 18:17:02 ] Executando query: SELECT * FROM saldo_categoria
[25/03/2017 18:17:02 ] Executando query: SELECT id, id_setor, DATE_FORMAT(data_pedido, '%d/%m/%Y') AS data_pedido, prioridade, status, valor, aprov_gerencia FROM pedido WHERE status <> 3 AND alteracao = 0 AND id = 7 ORDER BY id DESC LIMIT 100
[25/03/2017 18:17:02 ] Executando query: SELECT empenho FROM pedido_empenho WHERE id_pedido = 7
[25/03/2017 18:17:02 ] Executando query: SELECT empenho FROM pedido_empenho WHERE id_pedido = 7
[25/03/2017 18:17:02 ] Executando query: SELECT empenho FROM pedido_empenho WHERE id_pedido = 7
[25/03/2017 18:17:02 ] Executando query: SELECT DATE_FORMAT(data, '%d/%m/%Y') AS data FROM pedido_empenho WHERE id_pedido = 7 LIMIT 1
[25/03/2017 18:17:02 ] Executando query: SELECT itens.nome_fornecedor FROM itens, itens_pedido WHERE itens_pedido.id_item = itens.id AND itens_pedido.id_pedido = 7 LIMIT 1
[25/03/2017 20:56:31 ] Executando query: SELECT ativo FROM sistema LIMIT 1
[25/03/2017 20:56:31 ] Executando query: SELECT id, nome, senha, email, id_setor FROM usuario WHERE BINARY login = 'joao' LIMIT 1
[25/03/2017 20:56:31 ] Executando query: SELECT nome FROM setores WHERE id = 2 LIMIT 1
[25/03/2017 20:56:31 ] Executando query: SELECT postagens.id, postagens.postagem, DATE_FORMAT(postagens.data, '%d/%m/%Y') AS data, paginas_post.tabela, postagens.titulo FROM postagens, paginas_post WHERE postagens.tabela = paginas_post.id AND postagens.ativa = 1 ORDER BY postagens.data DESC LIMIT 5
[25/03/2017 20:56:31 ] Executando query: SELECT postagens.id, postagens.postagem, DATE_FORMAT(postagens.data, '%d/%m/%Y') AS data, paginas_post.tabela, postagens.titulo FROM postagens, paginas_post WHERE postagens.tabela = paginas_post.id AND postagens.ativa = 1 ORDER BY rand() LIMIT 5
[25/03/2017 20:56:31 ] Executando query: SELECT * FROM status
[25/03/2017 20:56:31 ] Executando query: SELECT * FROM prioridade
[25/03/2017 20:56:31 ] Executando query: SELECT * FROM setores
[25/03/2017 20:56:31 ] Executando query: SELECT * FROM saldo_categoria
[25/03/2017 20:56:31 ] Executando query: SELECT noticias, saldos, pedidos, recepcao FROM usuario_permissoes WHERE id_usuario = 1
[25/03/2017 20:56:31 ] Executando query: SELECT count(saldos_adiantados.id) AS solic_adi, (SELECT count(solic_alt_pedido.id) FROM solic_alt_pedido WHERE solic_alt_pedido.status = 2) AS solic_alt, (SELECT count(pedido.id) FROM pedido WHERE pedido.status = 2) AS solic_ped FROM saldos_adiantados WHERE saldos_adiantados.status = 2
[25/03/2017 20:56:31 ] Executando query: SELECT saldo FROM saldo_setor WHERE id_setor = 2
[25/03/2017 20:56:31 ] Executando query: SELECT id, nome, id_setor FROM usuario  ORDER BY nome ASC
[25/03/2017 20:56:31 ] Executando query: SELECT column_name AS nome FROM information_schema.columns WHERE table_name = 'usuario_permissoes' AND column_name <> 'id_usuario'
[25/03/2017 20:56:33 ] Executando query: SELECT noticias, saldos, pedidos, recepcao FROM usuario_permissoes WHERE id_usuario = 1
[25/03/2017 20:56:33 ] Executando query: SELECT saldo FROM saldo_setor WHERE id_setor = 2
[25/03/2017 20:56:33 ] Executando query: SELECT * FROM status
[25/03/2017 20:56:33 ] Executando query: SELECT * FROM prioridade
[25/03/2017 20:56:33 ] Executando query: SELECT * FROM setores
[25/03/2017 20:56:33 ] Executando query: SELECT * FROM saldo_categoria
[25/03/2017 20:56:33 ] Executando query: SELECT id, id_setor, DATE_FORMAT(data_pedido, '%d/%m/%Y') AS data_pedido, prioridade, status, valor, aprov_gerencia FROM pedido WHERE status <> 3 AND alteracao = 0  ORDER BY id DESC LIMIT 100
[25/03/2017 20:56:33 ] Executando query: SELECT empenho FROM pedido_empenho WHERE id_pedido = 1169
[25/03/2017 20:56:33 ] Executando query: SELECT empenho FROM pedido_empenho WHERE id_pedido = 1169
[25/03/2017 20:56:33 ] Executando query: SELECT empenho FROM pedido_empenho WHERE id_pedido = 1169
[25/03/2017 20:56:33 ] Executando query: SELECT DATE_FORMAT(data, '%d/%m/%Y') AS data FROM pedido_empenho WHERE id_pedido = 1169 LIMIT 1
[25/03/2017 20:56:33 ] Executando query: SELECT itens.nome_fornecedor FROM itens, itens_pedido WHERE itens_pedido.id_item = itens.id AND itens_pedido.id_pedido = 1169 LIMIT 1
[25/03/2017 20:56:33 ] Executando query: SELECT empenho FROM pedido_empenho WHERE id_pedido = 1168
[25/03/2017 20:56:33 ] Executando query: SELECT empenho FROM pedido_empenho WHERE id_pedido = 1168
[25/03/2017 20:56:33 ] Executando query: SELECT itens.nome_fornecedor FROM itens, itens_pedido WHERE itens_pedido.id_item = itens.id AND itens_pedido.id_pedido = 1168 LIMIT 1
[25/03/2017 20:56:33 ] Executando query: SELECT empenho FROM pedido_empenho WHERE id_pedido = 1167
[25/03/2017 20:56:33 ] Executando query: SELECT empenho FROM pedido_empenho WHERE id_pedido = 1167
[25/03/2017 20:56:33 ] Executando query: SELECT itens.nome_fornecedor FROM itens, itens_pedido WHERE itens_pedido.id_item = itens.id AND itens_pedido.id_pedido = 1167 LIMIT 1
[25/03/2017 20:56:33 ] Executando query: SELECT empenho FROM pedido_empenho WHERE id_pedido = 1166
[25/03/2017 20:56:33 ] Executando query: SELECT empenho FROM pedido_empenho WHERE id_pedido = 1166
[25/03/2017 20:56:33 ] Executando query: SELECT itens.nome_fornecedor FROM itens, itens_pedido WHERE itens_pedido.id_item = itens.id AND itens_pedido.id_pedido = 1166 LIMIT 1
[25/03/2017 20:56:33 ] Executando query: SELECT empenho FROM pedido_empenho WHERE id_pedido = 1164
[25/03/2017 20:56:33 ] Executando query: SELECT empenho FROM pedido_empenho WHERE id_pedido = 1164
[25/03/2017 20:56:33 ] Executando query: SELECT itens.nome_fornecedor FROM itens, itens_pedido WHERE itens_pedido.id_item = itens.id AND itens_pedido.id_pedido = 1164 LIMIT 1
[25/03/2017 20:56:33 ] Executando query: SELECT empenho FROM pedido_empenho WHERE id_pedido = 1163
[25/03/2017 20:56:33 ] Executando query: SELECT empenho FROM pedido_empenho WHERE id_pedido = 1163
[25/03/2017 20:56:33 ] Executando query: SELECT itens.nome_fornecedor FROM itens, itens_pedido WHERE itens_pedido.id_item = itens.id AND itens_pedido.id_pedido = 1163 LIMIT 1
[25/03/2017 20:56:33 ] Executando query: SELECT empenho FROM pedido_empenho WHERE id_pedido = 1162
[25/03/2017 20:56:33 ] Executando query: SELECT empenho FROM pedido_empenho WHERE id_pedido = 1162
[25/03/2017 20:56:33 ] Executando query: SELECT itens.nome_fornecedor FROM itens, itens_pedido WHERE itens_pedido.id_item = itens.id AND itens_pedido.id_pedido = 1162 LIMIT 1
[25/03/2017 20:56:33 ] Executando query: SELECT empenho FROM pedido_empenho WHERE id_pedido = 1161
[25/03/2017 20:56:33 ] Executando query: SELECT empenho FROM pedido_empenho WHERE id_pedido = 1161
[25/03/2017 20:56:33 ] Executando query: SELECT itens.nome_fornecedor FROM itens, itens_pedido WHERE itens_pedido.id_item = itens.id AND itens_pedido.id_pedido = 1161 LIMIT 1
[25/03/2017 20:56:33 ] Executando query: SELECT empenho FROM pedido_empenho WHERE id_pedido = 1160
[25/03/2017 20:56:33 ] Executando query: SELECT empenho FROM pedido_empenho WHERE id_pedido = 1160
[25/03/2017 20:56:33 ] Executando query: SELECT itens.nome_fornecedor FROM itens, itens_pedido WHERE itens_pedido.id_item = itens.id AND itens_pedido.id_pedido = 1160 LIMIT 1
[25/03/2017 20:56:33 ] Executando query: SELECT empenho FROM pedido_empenho WHERE id_pedido = 1159
[25/03/2017 20:56:33 ] Executando query: SELECT empenho FROM pedido_empenho WHERE id_pedido = 1159
[25/03/2017 20:56:33 ] Executando query: SELECT itens.nome_fornecedor FROM itens, itens_pedido WHERE itens_pedido.id_item = itens.id AND itens_pedido.id_pedido = 1159 LIMIT 1
[25/03/2017 20:56:33 ] Executando query: SELECT empenho FROM pedido_empenho WHERE id_pedido = 1158
[25/03/2017 20:56:33 ] Executando query: SELECT empenho FROM pedido_empenho WHERE id_pedido = 1158
[25/03/2017 20:56:33 ] Executando query: SELECT itens.nome_fornecedor FROM itens, itens_pedido WHERE itens_pedido.id_item = itens.id AND itens_pedido.id_pedido = 1158 LIMIT 1
[25/03/2017 20:56:33 ] Executando query: SELECT empenho FROM pedido_empenho WHERE id_pedido = 1157
[25/03/2017 20:56:33 ] Executando query: SELECT empenho FROM pedido_empenho WHERE id_pedido = 1157
[25/03/2017 20:56:33 ] Executando query: SELECT itens.nome_fornecedor FROM itens, itens_pedido WHERE itens_pedido.id_item = itens.id AND itens_pedido.id_pedido = 1157 LIMIT 1
[25/03/2017 20:56:33 ] Executando query: SELECT empenho FROM pedido_empenho WHERE id_pedido = 1156
[25/03/2017 20:56:33 ] Executando query: SELECT empenho FROM pedido_empenho WHERE id_pedido = 1156
[25/03/2017 20:56:33 ] Executando query: SELECT itens.nome_fornecedor FROM itens, itens_pedido WHERE itens_pedido.id_item = itens.id AND itens_pedido.id_pedido = 1156 LIMIT 1
[25/03/2017 20:56:33 ] Executando query: SELECT empenho FROM pedido_empenho WHERE id_pedido = 1155
[25/03/2017 20:56:33 ] Executando query: SELECT empenho FROM pedido_empenho WHERE id_pedido = 1155
[25/03/2017 20:56:33 ] Executando query: SELECT itens.nome_fornecedor FROM itens, itens_pedido WHERE itens_pedido.id_item = itens.id AND itens_pedido.id_pedido = 1155 LIMIT 1
[25/03/2017 20:56:33 ] Executando query: SELECT empenho FROM pedido_empenho WHERE id_pedido = 1154
[25/03/2017 20:56:33 ] Executando query: SELECT empenho FROM pedido_empenho WHERE id_pedido = 1154
[25/03/2017 20:56:33 ] Executando query: SELECT itens.nome_fornecedor FROM itens, itens_pedido WHERE itens_pedido.id_item = itens.id AND itens_pedido.id_pedido = 1154 LIMIT 1
[25/03/2017 20:56:33 ] Executando query: SELECT empenho FROM pedido_empenho WHERE id_pedido = 1153
[25/03/2017 20:56:33 ] Executando query: SELECT empenho FROM pedido_empenho WHERE id_pedido = 1153
[25/03/2017 20:56:33 ] Executando query: SELECT itens.nome_fornecedor FROM itens, itens_pedido WHERE itens_pedido.id_item = itens.id AND itens_pedido.id_pedido = 1153 LIMIT 1
[25/03/2017 20:56:33 ] Executando query: SELECT empenho FROM pedido_empenho WHERE id_pedido = 1152
[25/03/2017 20:56:33 ] Executando query: SELECT empenho FROM pedido_empenho WHERE id_pedido = 1152
[25/03/2017 20:56:33 ] Executando query: SELECT itens.nome_fornecedor FROM itens, itens_pedido WHERE itens_pedido.id_item = itens.id AND itens_pedido.id_pedido = 1152 LIMIT 1
[25/03/2017 20:56:33 ] Executando query: SELECT empenho FROM pedido_empenho WHERE id_pedido = 1151
[25/03/2017 20:56:33 ] Executando query: SELECT empenho FROM pedido_empenho WHERE id_pedido = 1151
[25/03/2017 20:56:33 ] Executando query: SELECT itens.nome_fornecedor FROM itens, itens_pedido WHERE itens_pedido.id_item = itens.id AND itens_pedido.id_pedido = 1151 LIMIT 1
[25/03/2017 20:56:33 ] Executando query: SELECT empenho FROM pedido_empenho WHERE id_pedido = 1150
[25/03/2017 20:56:33 ] Executando query: SELECT empenho FROM pedido_empenho WHERE id_pedido = 1150
[25/03/2017 20:56:33 ] Executando query: SELECT itens.nome_fornecedor FROM itens, itens_pedido WHERE itens_pedido.id_item = itens.id AND itens_pedido.id_pedido = 1150 LIMIT 1
[25/03/2017 20:56:33 ] Executando query: SELECT empenho FROM pedido_empenho WHERE id_pedido = 1149
[25/03/2017 20:56:33 ] Executando query: SELECT empenho FROM pedido_empenho WHERE id_pedido = 1149
[25/03/2017 20:56:33 ] Executando query: SELECT itens.nome_fornecedor FROM itens, itens_pedido WHERE itens_pedido.id_item = itens.id AND itens_pedido.id_pedido = 1149 LIMIT 1
[25/03/2017 20:56:33 ] Executando query: SELECT empenho FROM pedido_empenho WHERE id_pedido = 1148
[25/03/2017 20:56:33 ] Executando query: SELECT empenho FROM pedido_empenho WHERE id_pedido = 1148
[25/03/2017 20:56:33 ] Executando query: SELECT itens.nome_fornecedor FROM itens, itens_pedido WHERE itens_pedido.id_item = itens.id AND itens_pedido.id_pedido = 1148 LIMIT 1
[25/03/2017 20:56:33 ] Executando query: SELECT empenho FROM pedido_empenho WHERE id_pedido = 1147
[25/03/2017 20:56:33 ] Executando query: SELECT empenho FROM pedido_empenho WHERE id_pedido = 1147
[25/03/2017 20:56:33 ] Executando query: SELECT itens.nome_fornecedor FROM itens, itens_pedido WHERE itens_pedido.id_item = itens.id AND itens_pedido.id_pedido = 1147 LIMIT 1
[25/03/2017 20:56:33 ] Executando query: SELECT empenho FROM pedido_empenho WHERE id_pedido = 1146
[25/03/2017 20:56:33 ] Executando query: SELECT empenho FROM pedido_empenho WHERE id_pedido = 1146
[25/03/2017 20:56:33 ] Executando query: SELECT itens.nome_fornecedor FROM itens, itens_pedido WHERE itens_pedido.id_item = itens.id AND itens_pedido.id_pedido = 1146 LIMIT 1
[25/03/2017 20:56:33 ] Executando query: SELECT empenho FROM pedido_empenho WHERE id_pedido = 1145
[25/03/2017 20:56:33 ] Executando query: SELECT empenho FROM pedido_empenho WHERE id_pedido = 1145
[25/03/2017 20:56:33 ] Executando query: SELECT itens.nome_fornecedor FROM itens, itens_pedido WHERE itens_pedido.id_item = itens.id AND itens_pedido.id_pedido = 1145 LIMIT 1
[25/03/2017 20:56:33 ] Executando query: SELECT empenho FROM pedido_empenho WHERE id_pedido = 1144
[25/03/2017 20:56:33 ] Executando query: SELECT empenho FROM pedido_empenho WHERE id_pedido = 1144
[25/03/2017 20:56:33 ] Executando query: SELECT itens.nome_fornecedor FROM itens, itens_pedido WHERE itens_pedido.id_item = itens.id AND itens_pedido.id_pedido = 1144 LIMIT 1
[25/03/2017 20:56:33 ] Executando query: SELECT empenho FROM pedido_empenho WHERE id_pedido = 1143
[25/03/2017 20:56:33 ] Executando query: SELECT empenho FROM pedido_empenho WHERE id_pedido = 1143
[25/03/2017 20:56:33 ] Executando query: SELECT itens.nome_fornecedor FROM itens, itens_pedido WHERE itens_pedido.id_item = itens.id AND itens_pedido.id_pedido = 1143 LIMIT 1
[25/03/2017 20:56:33 ] Executando query: SELECT empenho FROM pedido_empenho WHERE id_pedido = 1139
[25/03/2017 20:56:33 ] Executando query: SELECT empenho FROM pedido_empenho WHERE id_pedido = 1139
[25/03/2017 20:56:33 ] Executando query: SELECT empenho FROM pedido_empenho WHERE id_pedido = 1139
[25/03/2017 20:56:33 ] Executando query: SELECT DATE_FORMAT(data, '%d/%m/%Y') AS data FROM pedido_empenho WHERE id_pedido = 1139 LIMIT 1
[25/03/2017 20:56:33 ] Executando query: SELECT itens.nome_fornecedor FROM itens, itens_pedido WHERE itens_pedido.id_item = itens.id AND itens_pedido.id_pedido = 1139 LIMIT 1
[25/03/2017 20:56:33 ] Executando query: SELECT empenho FROM pedido_empenho WHERE id_pedido = 1138
[25/03/2017 20:56:33 ] Executando query: SELECT empenho FROM pedido_empenho WHERE id_pedido = 1138
[25/03/2017 20:56:33 ] Executando query: SELECT empenho FROM pedido_empenho WHERE id_pedido = 1138
[25/03/2017 20:56:33 ] Executando query: SELECT DATE_FORMAT(data, '%d/%m/%Y') AS data FROM pedido_empenho WHERE id_pedido = 1138 LIMIT 1
[25/03/2017 20:56:33 ] Executando query: SELECT itens.nome_fornecedor FROM itens, itens_pedido WHERE itens_pedido.id_item = itens.id AND itens_pedido.id_pedido = 1138 LIMIT 1
[25/03/2017 20:56:33 ] Executando query: SELECT empenho FROM pedido_empenho WHERE id_pedido = 1137
[25/03/2017 20:56:33 ] Executando query: SELECT empenho FROM pedido_empenho WHERE id_pedido = 1137
[25/03/2017 20:56:33 ] Executando query: SELECT empenho FROM pedido_empenho WHERE id_pedido = 1137
[25/03/2017 20:56:33 ] Executando query: SELECT DATE_FORMAT(data, '%d/%m/%Y') AS data FROM pedido_empenho WHERE id_pedido = 1137 LIMIT 1
[25/03/2017 20:56:33 ] Executando query: SELECT itens.nome_fornecedor FROM itens, itens_pedido WHERE itens_pedido.id_item = itens.id AND itens_pedido.id_pedido = 1137 LIMIT 1
[25/03/2017 20:56:33 ] Executando query: SELECT empenho FROM pedido_empenho WHERE id_pedido = 1136
[25/03/2017 20:56:33 ] Executando query: SELECT empenho FROM pedido_empenho WHERE id_pedido = 1136
[25/03/2017 20:56:33 ] Executando query: SELECT empenho FROM pedido_empenho WHERE id_pedido = 1136
[25/03/2017 20:56:33 ] Executando query: SELECT DATE_FORMAT(data, '%d/%m/%Y') AS data FROM pedido_empenho WHERE id_pedido = 1136 LIMIT 1
[25/03/2017 20:56:33 ] Executando query: SELECT itens.nome_fornecedor FROM itens, itens_pedido WHERE itens_pedido.id_item = itens.id AND itens_pedido.id_pedido = 1136 LIMIT 1
[25/03/2017 20:56:33 ] Executando query: SELECT empenho FROM pedido_empenho WHERE id_pedido = 1135
[25/03/2017 20:56:33 ] Executando query: SELECT empenho FROM pedido_empenho WHERE id_pedido = 1135
[25/03/2017 20:56:33 ] Executando query: SELECT empenho FROM pedido_empenho WHERE id_pedido = 1135
[25/03/2017 20:56:33 ] Executando query: SELECT DATE_FORMAT(data, '%d/%m/%Y') AS data FROM pedido_empenho WHERE id_pedido = 1135 LIMIT 1
[25/03/2017 20:56:33 ] Executando query: SELECT itens.nome_fornecedor FROM itens, itens_pedido WHERE itens_pedido.id_item = itens.id AND itens_pedido.id_pedido = 1135 LIMIT 1
[25/03/2017 20:56:33 ] Executando query: SELECT empenho FROM pedido_empenho WHERE id_pedido = 1134
[25/03/2017 20:56:33 ] Executando query: SELECT empenho FROM pedido_empenho WHERE id_pedido = 1134
[25/03/2017 20:56:33 ] Executando query: SELECT empenho FROM pedido_empenho WHERE id_pedido = 1134
[25/03/2017 20:56:33 ] Executando query: SELECT DATE_FORMAT(data, '%d/%m/%Y') AS data FROM pedido_empenho WHERE id_pedido = 1134 LIMIT 1
[25/03/2017 20:56:33 ] Executando query: SELECT itens.nome_fornecedor FROM itens, itens_pedido WHERE itens_pedido.id_item = itens.id AND itens_pedido.id_pedido = 1134 LIMIT 1
[25/03/2017 20:56:33 ] Executando query: SELECT empenho FROM pedido_empenho WHERE id_pedido = 1132
[25/03/2017 20:56:33 ] Executando query: SELECT empenho FROM pedido_empenho WHERE id_pedido = 1132
[25/03/2017 20:56:33 ] Executando query: SELECT empenho FROM pedido_empenho WHERE id_pedido = 1132
[25/03/2017 20:56:33 ] Executando query: SELECT DATE_FORMAT(data, '%d/%m/%Y') AS data FROM pedido_empenho WHERE id_pedido = 1132 LIMIT 1
[25/03/2017 20:56:33 ] Executando query: SELECT itens.nome_fornecedor FROM itens, itens_pedido WHERE itens_pedido.id_item = itens.id AND itens_pedido.id_pedido = 1132 LIMIT 1
[25/03/2017 20:56:33 ] Executando query: SELECT empenho FROM pedido_empenho WHERE id_pedido = 1131
[25/03/2017 20:56:33 ] Executando query: SELECT empenho FROM pedido_empenho WHERE id_pedido = 1131
[25/03/2017 20:56:33 ] Executando query: SELECT empenho FROM pedido_empenho WHERE id_pedido = 1131
[25/03/2017 20:56:33 ] Executando query: SELECT DATE_FORMAT(data, '%d/%m/%Y') AS data FROM pedido_empenho WHERE id_pedido = 1131 LIMIT 1
[25/03/2017 20:56:33 ] Executando query: SELECT itens.nome_fornecedor FROM itens, itens_pedido WHERE itens_pedido.id_item = itens.id AND itens_pedido.id_pedido = 1131 LIMIT 1
[25/03/2017 20:56:33 ] Executando query: SELECT empenho FROM pedido_empenho WHERE id_pedido = 1130
[25/03/2017 20:56:33 ] Executando query: SELECT empenho FROM pedido_empenho WHERE id_pedido = 1130
[25/03/2017 20:56:33 ] Executando query: SELECT itens.nome_fornecedor FROM itens, itens_pedido WHERE itens_pedido.id_item = itens.id AND itens_pedido.id_pedido = 1130 LIMIT 1
[25/03/2017 20:56:33 ] Executando query: SELECT empenho FROM pedido_empenho WHERE id_pedido = 1129
[25/03/2017 20:56:33 ] Executando query: SELECT empenho FROM pedido_empenho WHERE id_pedido = 1129
[25/03/2017 20:56:33 ] Executando query: SELECT itens.nome_fornecedor FROM itens, itens_pedido WHERE itens_pedido.id_item = itens.id AND itens_pedido.id_pedido = 1129 LIMIT 1
[25/03/2017 20:56:33 ] Executando query: SELECT empenho FROM pedido_empenho WHERE id_pedido = 1128
[25/03/2017 20:56:33 ] Executando query: SELECT empenho FROM pedido_empenho WHERE id_pedido = 1128
[25/03/2017 20:56:33 ] Executando query: SELECT itens.nome_fornecedor FROM itens, itens_pedido WHERE itens_pedido.id_item = itens.id AND itens_pedido.id_pedido = 1128 LIMIT 1
[25/03/2017 20:56:33 ] Executando query: SELECT empenho FROM pedido_empenho WHERE id_pedido = 1127
[25/03/2017 20:56:33 ] Executando query: SELECT empenho FROM pedido_empenho WHERE id_pedido = 1127
[25/03/2017 20:56:33 ] Executando query: SELECT itens.nome_fornecedor FROM itens, itens_pedido WHERE itens_pedido.id_item = itens.id AND itens_pedido.id_pedido = 1127 LIMIT 1
[25/03/2017 20:56:33 ] Executando query: SELECT empenho FROM pedido_empenho WHERE id_pedido = 1126
[25/03/2017 20:56:33 ] Executando query: SELECT empenho FROM pedido_empenho WHERE id_pedido = 1126
[25/03/2017 20:56:33 ] Executando query: SELECT itens.nome_fornecedor FROM itens, itens_pedido WHERE itens_pedido.id_item = itens.id AND itens_pedido.id_pedido = 1126 LIMIT 1
[25/03/2017 20:56:33 ] Executando query: SELECT empenho FROM pedido_empenho WHERE id_pedido = 1125
[25/03/2017 20:56:33 ] Executando query: SELECT empenho FROM pedido_empenho WHERE id_pedido = 1125
[25/03/2017 20:56:33 ] Executando query: SELECT itens.nome_fornecedor FROM itens, itens_pedido WHERE itens_pedido.id_item = itens.id AND itens_pedido.id_pedido = 1125 LIMIT 1
[25/03/2017 20:56:33 ] Executando query: SELECT empenho FROM pedido_empenho WHERE id_pedido = 1124
[25/03/2017 20:56:33 ] Executando query: SELECT empenho FROM pedido_empenho WHERE id_pedido = 1124
[25/03/2017 20:56:33 ] Executando query: SELECT itens.nome_fornecedor FROM itens, itens_pedido WHERE itens_pedido.id_item = itens.id AND itens_pedido.id_pedido = 1124 LIMIT 1
[25/03/2017 20:56:33 ] Executando query: SELECT empenho FROM pedido_empenho WHERE id_pedido = 1123
[25/03/2017 20:56:33 ] Executando query: SELECT empenho FROM pedido_empenho WHERE id_pedido = 1123
[25/03/2017 20:56:33 ] Executando query: SELECT itens.nome_fornecedor FROM itens, itens_pedido WHERE itens_pedido.id_item = itens.id AND itens_pedido.id_pedido = 1123 LIMIT 1
[25/03/2017 20:56:33 ] Executando query: SELECT empenho FROM pedido_empenho WHERE id_pedido = 1122
[25/03/2017 20:56:33 ] Executando query: SELECT empenho FROM pedido_empenho WHERE id_pedido = 1122
[25/03/2017 20:56:33 ] Executando query: SELECT itens.nome_fornecedor FROM itens, itens_pedido WHERE itens_pedido.id_item = itens.id AND itens_pedido.id_pedido = 1122 LIMIT 1
[25/03/2017 20:56:33 ] Executando query: SELECT empenho FROM pedido_empenho WHERE id_pedido = 1121
[25/03/2017 20:56:33 ] Executando query: SELECT empenho FROM pedido_empenho WHERE id_pedido = 1121
[25/03/2017 20:56:33 ] Executando query: SELECT itens.nome_fornecedor FROM itens, itens_pedido WHERE itens_pedido.id_item = itens.id AND itens_pedido.id_pedido = 1121 LIMIT 1
[25/03/2017 20:56:33 ] Executando query: SELECT empenho FROM pedido_empenho WHERE id_pedido = 1120
[25/03/2017 20:56:33 ] Executando query: SELECT empenho FROM pedido_empenho WHERE id_pedido = 1120
[25/03/2017 20:56:33 ] Executando query: SELECT empenho FROM pedido_empenho WHERE id_pedido = 1120
[25/03/2017 20:56:33 ] Executando query: SELECT DATE_FORMAT(data, '%d/%m/%Y') AS data FROM pedido_empenho WHERE id_pedido = 1120 LIMIT 1
[25/03/2017 20:56:33 ] Executando query: SELECT itens.nome_fornecedor FROM itens, itens_pedido WHERE itens_pedido.id_item = itens.id AND itens_pedido.id_pedido = 1120 LIMIT 1
[25/03/2017 20:56:33 ] Executando query: SELECT empenho FROM pedido_empenho WHERE id_pedido = 1119
[25/03/2017 20:56:33 ] Executando query: SELECT empenho FROM pedido_empenho WHERE id_pedido = 1119
[25/03/2017 20:56:33 ] Executando query: SELECT empenho FROM pedido_empenho WHERE id_pedido = 1119
[25/03/2017 20:56:33 ] Executando query: SELECT DATE_FORMAT(data, '%d/%m/%Y') AS data FROM pedido_empenho WHERE id_pedido = 1119 LIMIT 1
[25/03/2017 20:56:33 ] Executando query: SELECT itens.nome_fornecedor FROM itens, itens_pedido WHERE itens_pedido.id_item = itens.id AND itens_pedido.id_pedido = 1119 LIMIT 1
[25/03/2017 20:56:33 ] Executando query: SELECT empenho FROM pedido_empenho WHERE id_pedido = 1118
[25/03/2017 20:56:33 ] Executando query: SELECT empenho FROM pedido_empenho WHERE id_pedido = 1118
[25/03/2017 20:56:33 ] Executando query: SELECT empenho FROM pedido_empenho WHERE id_pedido = 1118
[25/03/2017 20:56:33 ] Executando query: SELECT DATE_FORMAT(data, '%d/%m/%Y') AS data FROM pedido_empenho WHERE id_pedido = 1118 LIMIT 1
[25/03/2017 20:56:33 ] Executando query: SELECT itens.nome_fornecedor FROM itens, itens_pedido WHERE itens_pedido.id_item = itens.id AND itens_pedido.id_pedido = 1118 LIMIT 1
[25/03/2017 20:56:33 ] Executando query: SELECT empenho FROM pedido_empenho WHERE id_pedido = 1117
[25/03/2017 20:56:33 ] Executando query: SELECT empenho FROM pedido_empenho WHERE id_pedido = 1117
[25/03/2017 20:56:33 ] Executando query: SELECT itens.nome_fornecedor FROM itens, itens_pedido WHERE itens_pedido.id_item = itens.id AND itens_pedido.id_pedido = 1117 LIMIT 1
[25/03/2017 20:56:33 ] Executando query: SELECT empenho FROM pedido_empenho WHERE id_pedido = 1116
[25/03/2017 20:56:33 ] Executando query: SELECT empenho FROM pedido_empenho WHERE id_pedido = 1116
[25/03/2017 20:56:33 ] Executando query: SELECT empenho FROM pedido_empenho WHERE id_pedido = 1116
[25/03/2017 20:56:33 ] Executando query: SELECT DATE_FORMAT(data, '%d/%m/%Y') AS data FROM pedido_empenho WHERE id_pedido = 1116 LIMIT 1
[25/03/2017 20:56:33 ] Executando query: SELECT itens.nome_fornecedor FROM itens, itens_pedido WHERE itens_pedido.id_item = itens.id AND itens_pedido.id_pedido = 1116 LIMIT 1
[25/03/2017 20:56:33 ] Executando query: SELECT empenho FROM pedido_empenho WHERE id_pedido = 1115
[25/03/2017 20:56:33 ] Executando query: SELECT empenho FROM pedido_empenho WHERE id_pedido = 1115
[25/03/2017 20:56:33 ] Executando query: SELECT empenho FROM pedido_empenho WHERE id_pedido = 1115
[25/03/2017 20:56:33 ] Executando query: SELECT DATE_FORMAT(data, '%d/%m/%Y') AS data FROM pedido_empenho WHERE id_pedido = 1115 LIMIT 1
[25/03/2017 20:56:33 ] Executando query: SELECT itens.nome_fornecedor FROM itens, itens_pedido WHERE itens_pedido.id_item = itens.id AND itens_pedido.id_pedido = 1115 LIMIT 1
[25/03/2017 20:56:33 ] Executando query: SELECT empenho FROM pedido_empenho WHERE id_pedido = 1114
[25/03/2017 20:56:33 ] Executando query: SELECT empenho FROM pedido_empenho WHERE id_pedido = 1114
[25/03/2017 20:56:33 ] Executando query: SELECT itens.nome_fornecedor FROM itens, itens_pedido WHERE itens_pedido.id_item = itens.id AND itens_pedido.id_pedido = 1114 LIMIT 1
[25/03/2017 20:56:33 ] Executando query: SELECT empenho FROM pedido_empenho WHERE id_pedido = 1113
[25/03/2017 20:56:33 ] Executando query: SELECT empenho FROM pedido_empenho WHERE id_pedido = 1113
[25/03/2017 20:56:33 ] Executando query: SELECT itens.nome_fornecedor FROM itens, itens_pedido WHERE itens_pedido.id_item = itens.id AND itens_pedido.id_pedido = 1113 LIMIT 1
[25/03/2017 20:56:33 ] Executando query: SELECT empenho FROM pedido_empenho WHERE id_pedido = 1112
[25/03/2017 20:56:33 ] Executando query: SELECT empenho FROM pedido_empenho WHERE id_pedido = 1112
[25/03/2017 20:56:33 ] Executando query: SELECT itens.nome_fornecedor FROM itens, itens_pedido WHERE itens_pedido.id_item = itens.id AND itens_pedido.id_pedido = 1112 LIMIT 1
[25/03/2017 20:56:33 ] Executando query: SELECT empenho FROM pedido_empenho WHERE id_pedido = 1111
[25/03/2017 20:56:33 ] Executando query: SELECT empenho FROM pedido_empenho WHERE id_pedido = 1111
[25/03/2017 20:56:33 ] Executando query: SELECT itens.nome_fornecedor FROM itens, itens_pedido WHERE itens_pedido.id_item = itens.id AND itens_pedido.id_pedido = 1111 LIMIT 1
[25/03/2017 20:56:33 ] Executando query: SELECT empenho FROM pedido_empenho WHERE id_pedido = 1110
[25/03/2017 20:56:33 ] Executando query: SELECT empenho FROM pedido_empenho WHERE id_pedido = 1110
[25/03/2017 20:56:33 ] Executando query: SELECT empenho FROM pedido_empenho WHERE id_pedido = 1110
[25/03/2017 20:56:33 ] Executando query: SELECT DATE_FORMAT(data, '%d/%m/%Y') AS data FROM pedido_empenho WHERE id_pedido = 1110 LIMIT 1
[25/03/2017 20:56:34 ] Executando query: SELECT itens.nome_fornecedor FROM itens, itens_pedido WHERE itens_pedido.id_item = itens.id AND itens_pedido.id_pedido = 1110 LIMIT 1
[25/03/2017 20:56:34 ] Executando query: SELECT empenho FROM pedido_empenho WHERE id_pedido = 1109
[25/03/2017 20:56:34 ] Executando query: SELECT empenho FROM pedido_empenho WHERE id_pedido = 1109
[25/03/2017 20:56:34 ] Executando query: SELECT empenho FROM pedido_empenho WHERE id_pedido = 1109
[25/03/2017 20:56:34 ] Executando query: SELECT DATE_FORMAT(data, '%d/%m/%Y') AS data FROM pedido_empenho WHERE id_pedido = 1109 LIMIT 1
[25/03/2017 20:56:34 ] Executando query: SELECT itens.nome_fornecedor FROM itens, itens_pedido WHERE itens_pedido.id_item = itens.id AND itens_pedido.id_pedido = 1109 LIMIT 1
[25/03/2017 20:56:34 ] Executando query: SELECT empenho FROM pedido_empenho WHERE id_pedido = 1108
[25/03/2017 20:56:34 ] Executando query: SELECT empenho FROM pedido_empenho WHERE id_pedido = 1108
[25/03/2017 20:56:34 ] Executando query: SELECT empenho FROM pedido_empenho WHERE id_pedido = 1108
[25/03/2017 20:56:34 ] Executando query: SELECT DATE_FORMAT(data, '%d/%m/%Y') AS data FROM pedido_empenho WHERE id_pedido = 1108 LIMIT 1
[25/03/2017 20:56:34 ] Executando query: SELECT itens.nome_fornecedor FROM itens, itens_pedido WHERE itens_pedido.id_item = itens.id AND itens_pedido.id_pedido = 1108 LIMIT 1
[25/03/2017 20:56:34 ] Executando query: SELECT empenho FROM pedido_empenho WHERE id_pedido = 1107
[25/03/2017 20:56:34 ] Executando query: SELECT empenho FROM pedido_empenho WHERE id_pedido = 1107
[25/03/2017 20:56:34 ] Executando query: SELECT itens.nome_fornecedor FROM itens, itens_pedido WHERE itens_pedido.id_item = itens.id AND itens_pedido.id_pedido = 1107 LIMIT 1
[25/03/2017 20:56:34 ] Executando query: SELECT empenho FROM pedido_empenho WHERE id_pedido = 1106
[25/03/2017 20:56:34 ] Executando query: SELECT empenho FROM pedido_empenho WHERE id_pedido = 1106
[25/03/2017 20:56:34 ] Executando query: SELECT itens.nome_fornecedor FROM itens, itens_pedido WHERE itens_pedido.id_item = itens.id AND itens_pedido.id_pedido = 1106 LIMIT 1
[25/03/2017 20:56:34 ] Executando query: SELECT empenho FROM pedido_empenho WHERE id_pedido = 1105
[25/03/2017 20:56:34 ] Executando query: SELECT empenho FROM pedido_empenho WHERE id_pedido = 1105
[25/03/2017 20:56:34 ] Executando query: SELECT itens.nome_fornecedor FROM itens, itens_pedido WHERE itens_pedido.id_item = itens.id AND itens_pedido.id_pedido = 1105 LIMIT 1
[25/03/2017 20:56:34 ] Executando query: SELECT empenho FROM pedido_empenho WHERE id_pedido = 1104
[25/03/2017 20:56:34 ] Executando query: SELECT empenho FROM pedido_empenho WHERE id_pedido = 1104
[25/03/2017 20:56:34 ] Executando query: SELECT itens.nome_fornecedor FROM itens, itens_pedido WHERE itens_pedido.id_item = itens.id AND itens_pedido.id_pedido = 1104 LIMIT 1
[25/03/2017 20:56:34 ] Executando query: SELECT empenho FROM pedido_empenho WHERE id_pedido = 1103
[25/03/2017 20:56:34 ] Executando query: SELECT empenho FROM pedido_empenho WHERE id_pedido = 1103
[25/03/2017 20:56:34 ] Executando query: SELECT itens.nome_fornecedor FROM itens, itens_pedido WHERE itens_pedido.id_item = itens.id AND itens_pedido.id_pedido = 1103 LIMIT 1
[25/03/2017 20:56:34 ] Executando query: SELECT empenho FROM pedido_empenho WHERE id_pedido = 1102
[25/03/2017 20:56:34 ] Executando query: SELECT empenho FROM pedido_empenho WHERE id_pedido = 1102
[25/03/2017 20:56:34 ] Executando query: SELECT itens.nome_fornecedor FROM itens, itens_pedido WHERE itens_pedido.id_item = itens.id AND itens_pedido.id_pedido = 1102 LIMIT 1
[25/03/2017 20:56:34 ] Executando query: SELECT empenho FROM pedido_empenho WHERE id_pedido = 1101
[25/03/2017 20:56:34 ] Executando query: SELECT empenho FROM pedido_empenho WHERE id_pedido = 1101
[25/03/2017 20:56:34 ] Executando query: SELECT itens.nome_fornecedor FROM itens, itens_pedido WHERE itens_pedido.id_item = itens.id AND itens_pedido.id_pedido = 1101 LIMIT 1
[25/03/2017 20:56:34 ] Executando query: SELECT empenho FROM pedido_empenho WHERE id_pedido = 1100
[25/03/2017 20:56:34 ] Executando query: SELECT empenho FROM pedido_empenho WHERE id_pedido = 1100
[25/03/2017 20:56:34 ] Executando query: SELECT itens.nome_fornecedor FROM itens, itens_pedido WHERE itens_pedido.id_item = itens.id AND itens_pedido.id_pedido = 1100 LIMIT 1
[25/03/2017 20:56:34 ] Executando query: SELECT empenho FROM pedido_empenho WHERE id_pedido = 1099
[25/03/2017 20:56:34 ] Executando query: SELECT empenho FROM pedido_empenho WHERE id_pedido = 1099
[25/03/2017 20:56:34 ] Executando query: SELECT itens.nome_fornecedor FROM itens, itens_pedido WHERE itens_pedido.id_item = itens.id AND itens_pedido.id_pedido = 1099 LIMIT 1
[25/03/2017 20:56:34 ] Executando query: SELECT empenho FROM pedido_empenho WHERE id_pedido = 1098
[25/03/2017 20:56:34 ] Executando query: SELECT empenho FROM pedido_empenho WHERE id_pedido = 1098
[25/03/2017 20:56:34 ] Executando query: SELECT itens.nome_fornecedor FROM itens, itens_pedido WHERE itens_pedido.id_item = itens.id AND itens_pedido.id_pedido = 1098 LIMIT 1
[25/03/2017 20:56:34 ] Executando query: SELECT empenho FROM pedido_empenho WHERE id_pedido = 1097
[25/03/2017 20:56:34 ] Executando query: SELECT empenho FROM pedido_empenho WHERE id_pedido = 1097
[25/03/2017 20:56:34 ] Executando query: SELECT itens.nome_fornecedor FROM itens, itens_pedido WHERE itens_pedido.id_item = itens.id AND itens_pedido.id_pedido = 1097 LIMIT 1
[25/03/2017 20:56:34 ] Executando query: SELECT empenho FROM pedido_empenho WHERE id_pedido = 1096
[25/03/2017 20:56:34 ] Executando query: SELECT empenho FROM pedido_empenho WHERE id_pedido = 1096
[25/03/2017 20:56:34 ] Executando query: SELECT itens.nome_fornecedor FROM itens, itens_pedido WHERE itens_pedido.id_item = itens.id AND itens_pedido.id_pedido = 1096 LIMIT 1
[25/03/2017 20:56:34 ] Executando query: SELECT empenho FROM pedido_empenho WHERE id_pedido = 1095
[25/03/2017 20:56:34 ] Executando query: SELECT empenho FROM pedido_empenho WHERE id_pedido = 1095
[25/03/2017 20:56:34 ] Executando query: SELECT itens.nome_fornecedor FROM itens, itens_pedido WHERE itens_pedido.id_item = itens.id AND itens_pedido.id_pedido = 1095 LIMIT 1
[25/03/2017 20:56:34 ] Executando query: SELECT empenho FROM pedido_empenho WHERE id_pedido = 1094
[25/03/2017 20:56:34 ] Executando query: SELECT empenho FROM pedido_empenho WHERE id_pedido = 1094
[25/03/2017 20:56:34 ] Executando query: SELECT itens.nome_fornecedor FROM itens, itens_pedido WHERE itens_pedido.id_item = itens.id AND itens_pedido.id_pedido = 1094 LIMIT 1
[25/03/2017 20:56:34 ] Executando query: SELECT empenho FROM pedido_empenho WHERE id_pedido = 1093
[25/03/2017 20:56:34 ] Executando query: SELECT empenho FROM pedido_empenho WHERE id_pedido = 1093
[25/03/2017 20:56:34 ] Executando query: SELECT itens.nome_fornecedor FROM itens, itens_pedido WHERE itens_pedido.id_item = itens.id AND itens_pedido.id_pedido = 1093 LIMIT 1
[25/03/2017 20:56:34 ] Executando query: SELECT empenho FROM pedido_empenho WHERE id_pedido = 1092
[25/03/2017 20:56:34 ] Executando query: SELECT empenho FROM pedido_empenho WHERE id_pedido = 1092
[25/03/2017 20:56:34 ] Executando query: SELECT itens.nome_fornecedor FROM itens, itens_pedido WHERE itens_pedido.id_item = itens.id AND itens_pedido.id_pedido = 1092 LIMIT 1
[25/03/2017 20:56:34 ] Executando query: SELECT empenho FROM pedido_empenho WHERE id_pedido = 1091
[25/03/2017 20:56:34 ] Executando query: SELECT empenho FROM pedido_empenho WHERE id_pedido = 1091
[25/03/2017 20:56:34 ] Executando query: SELECT itens.nome_fornecedor FROM itens, itens_pedido WHERE itens_pedido.id_item = itens.id AND itens_pedido.id_pedido = 1091 LIMIT 1
[25/03/2017 20:56:34 ] Executando query: SELECT empenho FROM pedido_empenho WHERE id_pedido = 1090
[25/03/2017 20:56:34 ] Executando query: SELECT empenho FROM pedido_empenho WHERE id_pedido = 1090
[25/03/2017 20:56:34 ] Executando query: SELECT empenho FROM pedido_empenho WHERE id_pedido = 1090
[25/03/2017 20:56:34 ] Executando query: SELECT DATE_FORMAT(data, '%d/%m/%Y') AS data FROM pedido_empenho WHERE id_pedido = 1090 LIMIT 1
[25/03/2017 20:56:34 ] Executando query: SELECT itens.nome_fornecedor FROM itens, itens_pedido WHERE itens_pedido.id_item = itens.id AND itens_pedido.id_pedido = 1090 LIMIT 1
[25/03/2017 20:56:34 ] Executando query: SELECT empenho FROM pedido_empenho WHERE id_pedido = 1089
[25/03/2017 20:56:34 ] Executando query: SELECT empenho FROM pedido_empenho WHERE id_pedido = 1089
[25/03/2017 20:56:34 ] Executando query: SELECT itens.nome_fornecedor FROM itens, itens_pedido WHERE itens_pedido.id_item = itens.id AND itens_pedido.id_pedido = 1089 LIMIT 1
[25/03/2017 20:56:34 ] Executando query: SELECT empenho FROM pedido_empenho WHERE id_pedido = 1088
[25/03/2017 20:56:34 ] Executando query: SELECT empenho FROM pedido_empenho WHERE id_pedido = 1088
[25/03/2017 20:56:34 ] Executando query: SELECT itens.nome_fornecedor FROM itens, itens_pedido WHERE itens_pedido.id_item = itens.id AND itens_pedido.id_pedido = 1088 LIMIT 1
[25/03/2017 20:56:34 ] Executando query: SELECT empenho FROM pedido_empenho WHERE id_pedido = 1087
[25/03/2017 20:56:34 ] Executando query: SELECT empenho FROM pedido_empenho WHERE id_pedido = 1087
[25/03/2017 20:56:34 ] Executando query: SELECT empenho FROM pedido_empenho WHERE id_pedido = 1087
[25/03/2017 20:56:34 ] Executando query: SELECT DATE_FORMAT(data, '%d/%m/%Y') AS data FROM pedido_empenho WHERE id_pedido = 1087 LIMIT 1
[25/03/2017 20:56:34 ] Executando query: SELECT itens.nome_fornecedor FROM itens, itens_pedido WHERE itens_pedido.id_item = itens.id AND itens_pedido.id_pedido = 1087 LIMIT 1
[25/03/2017 20:56:34 ] Executando query: SELECT empenho FROM pedido_empenho WHERE id_pedido = 1086
[25/03/2017 20:56:34 ] Executando query: SELECT empenho FROM pedido_empenho WHERE id_pedido = 1086
[25/03/2017 20:56:34 ] Executando query: SELECT itens.nome_fornecedor FROM itens, itens_pedido WHERE itens_pedido.id_item = itens.id AND itens_pedido.id_pedido = 1086 LIMIT 1
[25/03/2017 20:56:34 ] Executando query: SELECT empenho FROM pedido_empenho WHERE id_pedido = 1085
[25/03/2017 20:56:34 ] Executando query: SELECT empenho FROM pedido_empenho WHERE id_pedido = 1085
[25/03/2017 20:56:34 ] Executando query: SELECT empenho FROM pedido_empenho WHERE id_pedido = 1085
[25/03/2017 20:56:34 ] Executando query: SELECT DATE_FORMAT(data, '%d/%m/%Y') AS data FROM pedido_empenho WHERE id_pedido = 1085 LIMIT 1
[25/03/2017 20:56:34 ] Executando query: SELECT itens.nome_fornecedor FROM itens, itens_pedido WHERE itens_pedido.id_item = itens.id AND itens_pedido.id_pedido = 1085 LIMIT 1
[25/03/2017 20:56:34 ] Executando query: SELECT empenho FROM pedido_empenho WHERE id_pedido = 1084
[25/03/2017 20:56:34 ] Executando query: SELECT empenho FROM pedido_empenho WHERE id_pedido = 1084
[25/03/2017 20:56:34 ] Executando query: SELECT empenho FROM pedido_empenho WHERE id_pedido = 1084
[25/03/2017 20:56:34 ] Executando query: SELECT DATE_FORMAT(data, '%d/%m/%Y') AS data FROM pedido_empenho WHERE id_pedido = 1084 LIMIT 1
[25/03/2017 20:56:34 ] Executando query: SELECT itens.nome_fornecedor FROM itens, itens_pedido WHERE itens_pedido.id_item = itens.id AND itens_pedido.id_pedido = 1084 LIMIT 1
[25/03/2017 20:56:34 ] Executando query: SELECT empenho FROM pedido_empenho WHERE id_pedido = 1083
[25/03/2017 20:56:34 ] Executando query: SELECT empenho FROM pedido_empenho WHERE id_pedido = 1083
[25/03/2017 20:56:34 ] Executando query: SELECT empenho FROM pedido_empenho WHERE id_pedido = 1083
[25/03/2017 20:56:34 ] Executando query: SELECT DATE_FORMAT(data, '%d/%m/%Y') AS data FROM pedido_empenho WHERE id_pedido = 1083 LIMIT 1
[25/03/2017 20:56:34 ] Executando query: SELECT itens.nome_fornecedor FROM itens, itens_pedido WHERE itens_pedido.id_item = itens.id AND itens_pedido.id_pedido = 1083 LIMIT 1
[25/03/2017 20:56:34 ] Executando query: SELECT empenho FROM pedido_empenho WHERE id_pedido = 1082
[25/03/2017 20:56:34 ] Executando query: SELECT empenho FROM pedido_empenho WHERE id_pedido = 1082
[25/03/2017 20:56:34 ] Executando query: SELECT empenho FROM pedido_empenho WHERE id_pedido = 1082
[25/03/2017 20:56:34 ] Executando query: SELECT DATE_FORMAT(data, '%d/%m/%Y') AS data FROM pedido_empenho WHERE id_pedido = 1082 LIMIT 1
[25/03/2017 20:56:34 ] Executando query: SELECT itens.nome_fornecedor FROM itens, itens_pedido WHERE itens_pedido.id_item = itens.id AND itens_pedido.id_pedido = 1082 LIMIT 1
[25/03/2017 20:56:34 ] Executando query: SELECT empenho FROM pedido_empenho WHERE id_pedido = 1081
[25/03/2017 20:56:34 ] Executando query: SELECT empenho FROM pedido_empenho WHERE id_pedido = 1081
[25/03/2017 20:56:34 ] Executando query: SELECT empenho FROM pedido_empenho WHERE id_pedido = 1081
[25/03/2017 20:56:34 ] Executando query: SELECT DATE_FORMAT(data, '%d/%m/%Y') AS data FROM pedido_empenho WHERE id_pedido = 1081 LIMIT 1
[25/03/2017 20:56:34 ] Executando query: SELECT itens.nome_fornecedor FROM itens, itens_pedido WHERE itens_pedido.id_item = itens.id AND itens_pedido.id_pedido = 1081 LIMIT 1
[25/03/2017 20:56:34 ] Executando query: SELECT empenho FROM pedido_empenho WHERE id_pedido = 1080
[25/03/2017 20:56:34 ] Executando query: SELECT empenho FROM pedido_empenho WHERE id_pedido = 1080
[25/03/2017 20:56:34 ] Executando query: SELECT itens.nome_fornecedor FROM itens, itens_pedido WHERE itens_pedido.id_item = itens.id AND itens_pedido.id_pedido = 1080 LIMIT 1
[25/03/2017 20:56:34 ] Executando query: SELECT empenho FROM pedido_empenho WHERE id_pedido = 1079
[25/03/2017 20:56:34 ] Executando query: SELECT empenho FROM pedido_empenho WHERE id_pedido = 1079
[25/03/2017 20:56:34 ] Executando query: SELECT empenho FROM pedido_empenho WHERE id_pedido = 1079
[25/03/2017 20:56:34 ] Executando query: SELECT DATE_FORMAT(data, '%d/%m/%Y') AS data FROM pedido_empenho WHERE id_pedido = 1079 LIMIT 1
[25/03/2017 20:56:34 ] Executando query: SELECT itens.nome_fornecedor FROM itens, itens_pedido WHERE itens_pedido.id_item = itens.id AND itens_pedido.id_pedido = 1079 LIMIT 1
[25/03/2017 20:56:34 ] Executando query: SELECT empenho FROM pedido_empenho WHERE id_pedido = 1078
[25/03/2017 20:56:34 ] Executando query: SELECT empenho FROM pedido_empenho WHERE id_pedido = 1078
[25/03/2017 20:56:34 ] Executando query: SELECT empenho FROM pedido_empenho WHERE id_pedido = 1078
[25/03/2017 20:56:34 ] Executando query: SELECT DATE_FORMAT(data, '%d/%m/%Y') AS data FROM pedido_empenho WHERE id_pedido = 1078 LIMIT 1
[25/03/2017 20:56:34 ] Executando query: SELECT itens.nome_fornecedor FROM itens, itens_pedido WHERE itens_pedido.id_item = itens.id AND itens_pedido.id_pedido = 1078 LIMIT 1
[25/03/2017 20:56:34 ] Executando query: SELECT empenho FROM pedido_empenho WHERE id_pedido = 1077
[25/03/2017 20:56:34 ] Executando query: SELECT empenho FROM pedido_empenho WHERE id_pedido = 1077
[25/03/2017 20:56:34 ] Executando query: SELECT empenho FROM pedido_empenho WHERE id_pedido = 1077
[25/03/2017 20:56:34 ] Executando query: SELECT DATE_FORMAT(data, '%d/%m/%Y') AS data FROM pedido_empenho WHERE id_pedido = 1077 LIMIT 1
[25/03/2017 20:56:34 ] Executando query: SELECT itens.nome_fornecedor FROM itens, itens_pedido WHERE itens_pedido.id_item = itens.id AND itens_pedido.id_pedido = 1077 LIMIT 1
[25/03/2017 20:56:34 ] Executando query: SELECT empenho FROM pedido_empenho WHERE id_pedido = 1076
[25/03/2017 20:56:34 ] Executando query: SELECT empenho FROM pedido_empenho WHERE id_pedido = 1076
[25/03/2017 20:56:34 ] Executando query: SELECT itens.nome_fornecedor FROM itens, itens_pedido WHERE itens_pedido.id_item = itens.id AND itens_pedido.id_pedido = 1076 LIMIT 1
[25/03/2017 20:56:34 ] Executando query: SELECT empenho FROM pedido_empenho WHERE id_pedido = 1075
[25/03/2017 20:56:34 ] Executando query: SELECT empenho FROM pedido_empenho WHERE id_pedido = 1075
[25/03/2017 20:56:34 ] Executando query: SELECT empenho FROM pedido_empenho WHERE id_pedido = 1075
[25/03/2017 20:56:34 ] Executando query: SELECT DATE_FORMAT(data, '%d/%m/%Y') AS data FROM pedido_empenho WHERE id_pedido = 1075 LIMIT 1
[25/03/2017 20:56:34 ] Executando query: SELECT itens.nome_fornecedor FROM itens, itens_pedido WHERE itens_pedido.id_item = itens.id AND itens_pedido.id_pedido = 1075 LIMIT 1
[25/03/2017 20:56:34 ] Executando query: SELECT empenho FROM pedido_empenho WHERE id_pedido = 1074
[25/03/2017 20:56:34 ] Executando query: SELECT empenho FROM pedido_empenho WHERE id_pedido = 1074
[25/03/2017 20:56:34 ] Executando query: SELECT empenho FROM pedido_empenho WHERE id_pedido = 1074
[25/03/2017 20:56:34 ] Executando query: SELECT DATE_FORMAT(data, '%d/%m/%Y') AS data FROM pedido_empenho WHERE id_pedido = 1074 LIMIT 1
[25/03/2017 20:56:34 ] Executando query: SELECT itens.nome_fornecedor FROM itens, itens_pedido WHERE itens_pedido.id_item = itens.id AND itens_pedido.id_pedido = 1074 LIMIT 1
[25/03/2017 20:56:34 ] Executando query: SELECT empenho FROM pedido_empenho WHERE id_pedido = 1073
[25/03/2017 20:56:34 ] Executando query: SELECT empenho FROM pedido_empenho WHERE id_pedido = 1073
[25/03/2017 20:56:34 ] Executando query: SELECT empenho FROM pedido_empenho WHERE id_pedido = 1073
[25/03/2017 20:56:34 ] Executando query: SELECT DATE_FORMAT(data, '%d/%m/%Y') AS data FROM pedido_empenho WHERE id_pedido = 1073 LIMIT 1
[25/03/2017 20:56:34 ] Executando query: SELECT itens.nome_fornecedor FROM itens, itens_pedido WHERE itens_pedido.id_item = itens.id AND itens_pedido.id_pedido = 1073 LIMIT 1
[25/03/2017 20:56:34 ] Executando query: SELECT empenho FROM pedido_empenho WHERE id_pedido = 1072
[25/03/2017 20:56:34 ] Executando query: SELECT empenho FROM pedido_empenho WHERE id_pedido = 1072
[25/03/2017 20:56:34 ] Executando query: SELECT itens.nome_fornecedor FROM itens, itens_pedido WHERE itens_pedido.id_item = itens.id AND itens_pedido.id_pedido = 1072 LIMIT 1
[25/03/2017 20:56:34 ] Executando query: SELECT empenho FROM pedido_empenho WHERE id_pedido = 1071
[25/03/2017 20:56:34 ] Executando query: SELECT empenho FROM pedido_empenho WHERE id_pedido = 1071
[25/03/2017 20:56:34 ] Executando query: SELECT itens.nome_fornecedor FROM itens, itens_pedido WHERE itens_pedido.id_item = itens.id AND itens_pedido.id_pedido = 1071 LIMIT 1
[25/03/2017 20:56:34 ] Executando query: SELECT empenho FROM pedido_empenho WHERE id_pedido = 1070
[25/03/2017 20:56:34 ] Executando query: SELECT empenho FROM pedido_empenho WHERE id_pedido = 1070
[25/03/2017 20:56:34 ] Executando query: SELECT itens.nome_fornecedor FROM itens, itens_pedido WHERE itens_pedido.id_item = itens.id AND itens_pedido.id_pedido = 1070 LIMIT 1
[25/03/2017 20:56:34 ] Executando query: SELECT empenho FROM pedido_empenho WHERE id_pedido = 1069
[25/03/2017 20:56:34 ] Executando query: SELECT empenho FROM pedido_empenho WHERE id_pedido = 1069
[25/03/2017 20:56:34 ] Executando query: SELECT empenho FROM pedido_empenho WHERE id_pedido = 1069
[25/03/2017 20:56:34 ] Executando query: SELECT DATE_FORMAT(data, '%d/%m/%Y') AS data FROM pedido_empenho WHERE id_pedido = 1069 LIMIT 1
[25/03/2017 20:56:34 ] Executando query: SELECT itens.nome_fornecedor FROM itens, itens_pedido WHERE itens_pedido.id_item = itens.id AND itens_pedido.id_pedido = 1069 LIMIT 1
[25/03/2017 20:56:34 ] Executando query: SELECT empenho FROM pedido_empenho WHERE id_pedido = 1068
[25/03/2017 20:56:34 ] Executando query: SELECT empenho FROM pedido_empenho WHERE id_pedido = 1068
[25/03/2017 20:56:34 ] Executando query: SELECT empenho FROM pedido_empenho WHERE id_pedido = 1068
[25/03/2017 20:56:34 ] Executando query: SELECT DATE_FORMAT(data, '%d/%m/%Y') AS data FROM pedido_empenho WHERE id_pedido = 1068 LIMIT 1
[25/03/2017 20:56:34 ] Executando query: SELECT itens.nome_fornecedor FROM itens, itens_pedido WHERE itens_pedido.id_item = itens.id AND itens_pedido.id_pedido = 1068 LIMIT 1
[25/03/2017 20:56:34 ] Executando query: SELECT empenho FROM pedido_empenho WHERE id_pedido = 1066
[25/03/2017 20:56:34 ] Executando query: SELECT empenho FROM pedido_empenho WHERE id_pedido = 1066
[25/03/2017 20:56:34 ] Executando query: SELECT itens.nome_fornecedor FROM itens, itens_pedido WHERE itens_pedido.id_item = itens.id AND itens_pedido.id_pedido = 1066 LIMIT 1
[25/03/2017 20:56:34 ] Executando query: SELECT empenho FROM pedido_empenho WHERE id_pedido = 1065
[25/03/2017 20:56:34 ] Executando query: SELECT empenho FROM pedido_empenho WHERE id_pedido = 1065
[25/03/2017 20:56:34 ] Executando query: SELECT empenho FROM pedido_empenho WHERE id_pedido = 1065
[25/03/2017 20:56:34 ] Executando query: SELECT DATE_FORMAT(data, '%d/%m/%Y') AS data FROM pedido_empenho WHERE id_pedido = 1065 LIMIT 1
[25/03/2017 20:56:34 ] Executando query: SELECT itens.nome_fornecedor FROM itens, itens_pedido WHERE itens_pedido.id_item = itens.id AND itens_pedido.id_pedido = 1065 LIMIT 1
[25/03/2017 20:56:34 ] Executando query: SELECT empenho FROM pedido_empenho WHERE id_pedido = 1064
[25/03/2017 20:56:34 ] Executando query: SELECT empenho FROM pedido_empenho WHERE id_pedido = 1064
[25/03/2017 20:56:34 ] Executando query: SELECT empenho FROM pedido_empenho WHERE id_pedido = 1064
[25/03/2017 20:56:34 ] Executando query: SELECT DATE_FORMAT(data, '%d/%m/%Y') AS data FROM pedido_empenho WHERE id_pedido = 1064 LIMIT 1
[25/03/2017 20:56:34 ] Executando query: SELECT itens.nome_fornecedor FROM itens, itens_pedido WHERE itens_pedido.id_item = itens.id AND itens_pedido.id_pedido = 1064 LIMIT 1
